!SESSION 2024-04-17 09:28:19.742 -----------------------------------------------
eclipse.buildId=unknown
java.version=17.0.6
java.vendor=Eclipse Adoptium
BootLoader constants: OS=win32, ARCH=x86_64, WS=win32, NL=es_AR
Framework arguments:  -eclipse.keyring C:\Users\FamiliaNatelloMedina\AppData\Roaming\DBeaverData\secure\secure_storage
Command-line arguments:  -os win32 -ws win32 -arch x86_64

!ENTRY org.eclipse.ui 2 2 2024-04-17 09:29:20.685
!MESSAGE Invalid preference category path: org.eclipse.debug.ui.ConsolePreferencePage (bundle: org.eclipse.ui.console, page: org.eclipse.ui.internal.console.ansi.preferences.AnsiConsolePreferencePage)
!SESSION 2024-04-17 15:45:37.516 -----------------------------------------------
eclipse.buildId=unknown
java.version=17.0.6
java.vendor=Eclipse Adoptium
BootLoader constants: OS=win32, ARCH=x86_64, WS=win32, NL=es_AR
Framework arguments:  -eclipse.keyring C:\Users\FamiliaNatelloMedina\AppData\Roaming\DBeaverData\secure\secure_storage
Command-line arguments:  -os win32 -ws win32 -arch x86_64

!ENTRY org.eclipse.equinox.app 4 2 2024-04-17 15:47:04.444
!MESSAGE Problems occurred when invoking code from plug-in: "org.eclipse.equinox.app".
!STACK 0
org.eclipse.swt.SWTException: Widget is disposed
	at org.eclipse.swt.SWT.error(SWT.java:4918)
	at org.eclipse.swt.SWT.error(SWT.java:4833)
	at org.eclipse.swt.SWT.error(SWT.java:4804)
	at org.eclipse.swt.widgets.Widget.error(Widget.java:450)
	at org.eclipse.swt.widgets.Widget.checkWidget(Widget.java:369)
	at org.eclipse.swt.widgets.Shell.close(Shell.java:547)
	at org.eclipse.ui.splash.AbstractSplashHandler.dispose(AbstractSplashHandler.java:65)
	at org.jkiss.dbeaver.ui.app.standalone.DBeaverSplashHandler.dispose(DBeaverSplashHandler.java:162)
	at org.eclipse.ui.internal.Workbench$3$1.applicationRunning(Workbench.java:806)
	at org.eclipse.equinox.internal.app.EclipseAppHandle$1.run(EclipseAppHandle.java:290)
	at org.eclipse.core.runtime.SafeRunner.run(SafeRunner.java:47)
	at org.eclipse.equinox.internal.app.EclipseAppHandle.applicationRunning(EclipseAppHandle.java:278)
	at org.eclipse.e4.ui.internal.workbench.swt.PartRenderingEngine$5.run(PartRenderingEngine.java:1092)
	at org.eclipse.core.databinding.observable.Realm.runWithDefault(Realm.java:342)
	at org.eclipse.e4.ui.internal.workbench.swt.PartRenderingEngine.run(PartRenderingEngine.java:1046)
	at org.eclipse.e4.ui.internal.workbench.E4Workbench.createAndRunUI(E4Workbench.java:155)
	at org.eclipse.ui.internal.Workbench.lambda$3(Workbench.java:648)
	at org.eclipse.core.databinding.observable.Realm.runWithDefault(Realm.java:342)
	at org.eclipse.ui.internal.Workbench.createAndRunWorkbench(Workbench.java:555)
	at org.eclipse.ui.PlatformUI.createAndRunWorkbench(PlatformUI.java:173)
	at org.jkiss.dbeaver.ui.app.standalone.DBeaverApplication.start(DBeaverApplication.java:295)
	at org.eclipse.equinox.internal.app.EclipseAppHandle.run(EclipseAppHandle.java:208)
	at org.eclipse.core.runtime.internal.adaptor.EclipseAppLauncher.runApplication(EclipseAppLauncher.java:136)
	at org.eclipse.core.runtime.internal.adaptor.EclipseAppLauncher.start(EclipseAppLauncher.java:104)
	at org.eclipse.core.runtime.adaptor.EclipseStarter.run(EclipseStarter.java:402)
	at org.eclipse.core.runtime.adaptor.EclipseStarter.run(EclipseStarter.java:255)
	at java.base/jdk.internal.reflect.NativeMethodAccessorImpl.invoke0(Native Method)
	at java.base/jdk.internal.reflect.NativeMethodAccessorImpl.invoke(Unknown Source)
	at java.base/jdk.internal.reflect.DelegatingMethodAccessorImpl.invoke(Unknown Source)
	at java.base/java.lang.reflect.Method.invoke(Unknown Source)
	at org.jkiss.dbeaver.launcher.DBeaverLauncher.invokeFramework(DBeaverLauncher.java:647)
	at org.jkiss.dbeaver.launcher.DBeaverLauncher.basicRun(DBeaverLauncher.java:607)
	at org.jkiss.dbeaver.launcher.DBeaverLauncher.run(DBeaverLauncher.java:1464)

!ENTRY org.eclipse.ui 2 2 2024-04-17 15:47:05.781
!MESSAGE Invalid preference category path: org.eclipse.debug.ui.ConsolePreferencePage (bundle: org.eclipse.ui.console, page: org.eclipse.ui.internal.console.ansi.preferences.AnsiConsolePreferencePage)
!SESSION 2024-04-19 09:15:30.388 -----------------------------------------------
eclipse.buildId=unknown
java.version=17.0.6
java.vendor=Eclipse Adoptium
BootLoader constants: OS=win32, ARCH=x86_64, WS=win32, NL=es_AR
Framework arguments:  -eclipse.keyring C:\Users\FamiliaNatelloMedina\AppData\Roaming\DBeaverData\secure\secure_storage
Command-line arguments:  -os win32 -ws win32 -arch x86_64

!ENTRY org.eclipse.ui 2 2 2024-04-19 09:15:57.510
!MESSAGE Invalid preference category path: org.eclipse.debug.ui.ConsolePreferencePage (bundle: org.eclipse.ui.console, page: org.eclipse.ui.internal.console.ansi.preferences.AnsiConsolePreferencePage)
!SESSION 2024-04-21 08:32:45.741 -----------------------------------------------
eclipse.buildId=unknown
java.version=17.0.6
java.vendor=Eclipse Adoptium
BootLoader constants: OS=win32, ARCH=x86_64, WS=win32, NL=es_AR
Framework arguments:  -eclipse.keyring C:\Users\FamiliaNatelloMedina\AppData\Roaming\DBeaverData\secure\secure_storage
Command-line arguments:  -os win32 -ws win32 -arch x86_64

!ENTRY org.eclipse.ui 2 2 2024-04-21 08:33:31.534
!MESSAGE Invalid preference category path: org.eclipse.debug.ui.ConsolePreferencePage (bundle: org.eclipse.ui.console, page: org.eclipse.ui.internal.console.ansi.preferences.AnsiConsolePreferencePage)

!ENTRY org.eclipse.ui 4 0 2024-04-21 08:41:18.156
!MESSAGE Unhandled event loop exception
!STACK 0
org.eclipse.swt.SWTException: Widget is disposed
	at org.eclipse.swt.SWT.error(SWT.java:4918)
	at org.eclipse.swt.SWT.error(SWT.java:4833)
	at org.eclipse.swt.SWT.error(SWT.java:4804)
	at org.eclipse.swt.widgets.Widget.error(Widget.java:450)
	at org.eclipse.swt.widgets.Widget.checkWidget(Widget.java:369)
	at org.eclipse.swt.widgets.ToolItem.setEnabled(ToolItem.java:739)
	at org.jkiss.dbeaver.ui.controls.autorefresh.AutoRefreshControl.enableControls(AutoRefreshControl.java:105)
	at org.jkiss.dbeaver.ui.controls.resultset.ResultSetViewer$ResultSetDataPumpJob.lambda$0(ResultSetViewer.java:5180)
	at org.eclipse.swt.widgets.RunnableLock.run(RunnableLock.java:40)
	at org.eclipse.swt.widgets.Synchronizer.runAsyncMessages(Synchronizer.java:132)
	at org.eclipse.swt.widgets.Display.runAsyncMessages(Display.java:4046)
	at org.eclipse.swt.widgets.Display.readAndDispatch(Display.java:3662)
	at org.eclipse.e4.ui.internal.workbench.swt.PartRenderingEngine$5.run(PartRenderingEngine.java:1155)
	at org.eclipse.core.databinding.observable.Realm.runWithDefault(Realm.java:342)
	at org.eclipse.e4.ui.internal.workbench.swt.PartRenderingEngine.run(PartRenderingEngine.java:1046)
	at org.eclipse.e4.ui.internal.workbench.E4Workbench.createAndRunUI(E4Workbench.java:155)
	at org.eclipse.ui.internal.Workbench.lambda$3(Workbench.java:648)
	at org.eclipse.core.databinding.observable.Realm.runWithDefault(Realm.java:342)
	at org.eclipse.ui.internal.Workbench.createAndRunWorkbench(Workbench.java:555)
	at org.eclipse.ui.PlatformUI.createAndRunWorkbench(PlatformUI.java:173)
	at org.jkiss.dbeaver.ui.app.standalone.DBeaverApplication.start(DBeaverApplication.java:295)
	at org.eclipse.equinox.internal.app.EclipseAppHandle.run(EclipseAppHandle.java:208)
	at org.eclipse.core.runtime.internal.adaptor.EclipseAppLauncher.runApplication(EclipseAppLauncher.java:136)
	at org.eclipse.core.runtime.internal.adaptor.EclipseAppLauncher.start(EclipseAppLauncher.java:104)
	at org.eclipse.core.runtime.adaptor.EclipseStarter.run(EclipseStarter.java:402)
	at org.eclipse.core.runtime.adaptor.EclipseStarter.run(EclipseStarter.java:255)
	at java.base/jdk.internal.reflect.NativeMethodAccessorImpl.invoke0(Native Method)
	at java.base/jdk.internal.reflect.NativeMethodAccessorImpl.invoke(Unknown Source)
	at java.base/jdk.internal.reflect.DelegatingMethodAccessorImpl.invoke(Unknown Source)
	at java.base/java.lang.reflect.Method.invoke(Unknown Source)
	at org.jkiss.dbeaver.launcher.DBeaverLauncher.invokeFramework(DBeaverLauncher.java:647)
	at org.jkiss.dbeaver.launcher.DBeaverLauncher.basicRun(DBeaverLauncher.java:607)
	at org.jkiss.dbeaver.launcher.DBeaverLauncher.run(DBeaverLauncher.java:1464)

!ENTRY org.jkiss.dbeaver.model 4 0 2024-04-21 08:41:18.183
!MESSAGE Event loop exception
!SUBENTRY 1 org.jkiss.dbeaver.model 4 0 2024-04-21 08:41:18.183
!MESSAGE Widget is disposed
!STACK 0
org.eclipse.swt.SWTException: Widget is disposed
	at org.eclipse.swt.SWT.error(SWT.java:4918)
	at org.eclipse.swt.SWT.error(SWT.java:4833)
	at org.eclipse.swt.SWT.error(SWT.java:4804)
	at org.eclipse.swt.widgets.Widget.error(Widget.java:450)
	at org.eclipse.swt.widgets.Widget.checkWidget(Widget.java:369)
	at org.eclipse.swt.widgets.ToolItem.setEnabled(ToolItem.java:739)
	at org.jkiss.dbeaver.ui.controls.autorefresh.AutoRefreshControl.enableControls(AutoRefreshControl.java:105)
	at org.jkiss.dbeaver.ui.controls.resultset.ResultSetViewer$ResultSetDataPumpJob.lambda$0(ResultSetViewer.java:5180)
	at org.eclipse.swt.widgets.RunnableLock.run(RunnableLock.java:40)
	at org.eclipse.swt.widgets.Synchronizer.runAsyncMessages(Synchronizer.java:132)
	at org.eclipse.swt.widgets.Display.runAsyncMessages(Display.java:4046)
	at org.eclipse.swt.widgets.Display.readAndDispatch(Display.java:3662)
	at org.eclipse.e4.ui.internal.workbench.swt.PartRenderingEngine$5.run(PartRenderingEngine.java:1155)
	at org.eclipse.core.databinding.observable.Realm.runWithDefault(Realm.java:342)
	at org.eclipse.e4.ui.internal.workbench.swt.PartRenderingEngine.run(PartRenderingEngine.java:1046)
	at org.eclipse.e4.ui.internal.workbench.E4Workbench.createAndRunUI(E4Workbench.java:155)
	at org.eclipse.ui.internal.Workbench.lambda$3(Workbench.java:648)
	at org.eclipse.core.databinding.observable.Realm.runWithDefault(Realm.java:342)
	at org.eclipse.ui.internal.Workbench.createAndRunWorkbench(Workbench.java:555)
	at org.eclipse.ui.PlatformUI.createAndRunWorkbench(PlatformUI.java:173)
	at org.jkiss.dbeaver.ui.app.standalone.DBeaverApplication.start(DBeaverApplication.java:295)
	at org.eclipse.equinox.internal.app.EclipseAppHandle.run(EclipseAppHandle.java:208)
	at org.eclipse.core.runtime.internal.adaptor.EclipseAppLauncher.runApplication(EclipseAppLauncher.java:136)
	at org.eclipse.core.runtime.internal.adaptor.EclipseAppLauncher.start(EclipseAppLauncher.java:104)
	at org.eclipse.core.runtime.adaptor.EclipseStarter.run(EclipseStarter.java:402)
	at org.eclipse.core.runtime.adaptor.EclipseStarter.run(EclipseStarter.java:255)
	at java.base/jdk.internal.reflect.NativeMethodAccessorImpl.invoke0(Native Method)
	at java.base/jdk.internal.reflect.NativeMethodAccessorImpl.invoke(Unknown Source)
	at java.base/jdk.internal.reflect.DelegatingMethodAccessorImpl.invoke(Unknown Source)
	at java.base/java.lang.reflect.Method.invoke(Unknown Source)
	at org.jkiss.dbeaver.launcher.DBeaverLauncher.invokeFramework(DBeaverLauncher.java:647)
	at org.jkiss.dbeaver.launcher.DBeaverLauncher.basicRun(DBeaverLauncher.java:607)
	at org.jkiss.dbeaver.launcher.DBeaverLauncher.run(DBeaverLauncher.java:1464)
!SESSION 2024-04-21 08:42:17.665 -----------------------------------------------
eclipse.buildId=unknown
java.version=17.0.6
java.vendor=Eclipse Adoptium
BootLoader constants: OS=win32, ARCH=x86_64, WS=win32, NL=es_AR
Framework arguments:  -eclipse.keyring C:\Users\FamiliaNatelloMedina\AppData\Roaming\DBeaverData\secure\secure_storage
Command-line arguments:  -os win32 -ws win32 -arch x86_64

!ENTRY org.eclipse.ui 2 2 2024-04-21 08:42:40.360
!MESSAGE Invalid preference category path: org.eclipse.debug.ui.ConsolePreferencePage (bundle: org.eclipse.ui.console, page: org.eclipse.ui.internal.console.ansi.preferences.AnsiConsolePreferencePage)
!SESSION 2024-04-21 15:19:48.638 -----------------------------------------------
eclipse.buildId=unknown
java.version=17.0.6
java.vendor=Eclipse Adoptium
BootLoader constants: OS=win32, ARCH=x86_64, WS=win32, NL=es_AR
Framework arguments:  -eclipse.keyring C:\Users\FamiliaNatelloMedina\AppData\Roaming\DBeaverData\secure\secure_storage
Command-line arguments:  -os win32 -ws win32 -arch x86_64

!ENTRY org.eclipse.ui 2 2 2024-04-21 15:20:24.158
!MESSAGE Invalid preference category path: org.eclipse.debug.ui.ConsolePreferencePage (bundle: org.eclipse.ui.console, page: org.eclipse.ui.internal.console.ansi.preferences.AnsiConsolePreferencePage)

!ENTRY org.eclipse.ui 4 0 2024-04-21 22:16:59.679
!MESSAGE Unhandled event loop exception
!STACK 0
org.eclipse.swt.SWTException: Widget is disposed
	at org.eclipse.swt.SWT.error(SWT.java:4918)
	at org.eclipse.swt.SWT.error(SWT.java:4833)
	at org.eclipse.swt.SWT.error(SWT.java:4804)
	at org.eclipse.swt.widgets.Widget.error(Widget.java:450)
	at org.eclipse.swt.widgets.Widget.checkWidget(Widget.java:369)
	at org.eclipse.swt.widgets.Control.setRedraw(Control.java:3662)
	at org.jkiss.dbeaver.ui.editors.entity.properties.ObjectPropertiesEditor.createPropertyBrowser(ObjectPropertiesEditor.java:183)
	at org.jkiss.dbeaver.ui.editors.entity.properties.ObjectPropertiesEditor.lambda$1(ObjectPropertiesEditor.java:345)
	at org.eclipse.swt.widgets.RunnableLock.run(RunnableLock.java:40)
	at org.eclipse.swt.widgets.Synchronizer.runAsyncMessages(Synchronizer.java:132)
	at org.eclipse.swt.widgets.Display.runAsyncMessages(Display.java:4046)
	at org.eclipse.swt.widgets.Display.readAndDispatch(Display.java:3662)
	at org.eclipse.jface.operation.ModalContext$ModalContextThread.block(ModalContext.java:166)
	at org.eclipse.jface.operation.ModalContext.run(ModalContext.java:368)
	at org.eclipse.ui.internal.WorkbenchWindow.lambda$7(WorkbenchWindow.java:2348)
	at org.eclipse.swt.custom.BusyIndicator.showWhile(BusyIndicator.java:67)
	at org.eclipse.ui.internal.WorkbenchWindow.run(WorkbenchWindow.java:2345)
	at org.jkiss.dbeaver.runtime.RunnableContextDelegate.run(RunnableContextDelegate.java:39)
	at org.jkiss.dbeaver.ui.UIUtils.runInProgressService(UIUtils.java:1925)
	at org.jkiss.dbeaver.ui.editors.entity.properties.ObjectPropertiesEditor.makeDatabaseEditorTabs(ObjectPropertiesEditor.java:593)
	at org.jkiss.dbeaver.ui.editors.entity.properties.ObjectPropertiesEditor.collectFolders(ObjectPropertiesEditor.java:560)
	at org.jkiss.dbeaver.ui.editors.entity.properties.ObjectPropertiesEditor.createPropertyBrowser(ObjectPropertiesEditor.java:151)
	at org.jkiss.dbeaver.ui.editors.entity.properties.ObjectPropertiesEditor.lambda$1(ObjectPropertiesEditor.java:345)
	at org.eclipse.swt.widgets.RunnableLock.run(RunnableLock.java:40)
	at org.eclipse.swt.widgets.Synchronizer.runAsyncMessages(Synchronizer.java:132)
	at org.eclipse.swt.widgets.Display.runAsyncMessages(Display.java:4046)
	at org.eclipse.swt.widgets.Display.readAndDispatch(Display.java:3662)
	at org.eclipse.e4.ui.internal.workbench.swt.PartRenderingEngine$5.run(PartRenderingEngine.java:1155)
	at org.eclipse.core.databinding.observable.Realm.runWithDefault(Realm.java:342)
	at org.eclipse.e4.ui.internal.workbench.swt.PartRenderingEngine.run(PartRenderingEngine.java:1046)
	at org.eclipse.e4.ui.internal.workbench.E4Workbench.createAndRunUI(E4Workbench.java:155)
	at org.eclipse.ui.internal.Workbench.lambda$3(Workbench.java:648)
	at org.eclipse.core.databinding.observable.Realm.runWithDefault(Realm.java:342)
	at org.eclipse.ui.internal.Workbench.createAndRunWorkbench(Workbench.java:555)
	at org.eclipse.ui.PlatformUI.createAndRunWorkbench(PlatformUI.java:173)
	at org.jkiss.dbeaver.ui.app.standalone.DBeaverApplication.start(DBeaverApplication.java:295)
	at org.eclipse.equinox.internal.app.EclipseAppHandle.run(EclipseAppHandle.java:208)
	at org.eclipse.core.runtime.internal.adaptor.EclipseAppLauncher.runApplication(EclipseAppLauncher.java:136)
	at org.eclipse.core.runtime.internal.adaptor.EclipseAppLauncher.start(EclipseAppLauncher.java:104)
	at org.eclipse.core.runtime.adaptor.EclipseStarter.run(EclipseStarter.java:402)
	at org.eclipse.core.runtime.adaptor.EclipseStarter.run(EclipseStarter.java:255)
	at java.base/jdk.internal.reflect.NativeMethodAccessorImpl.invoke0(Native Method)
	at java.base/jdk.internal.reflect.NativeMethodAccessorImpl.invoke(Unknown Source)
	at java.base/jdk.internal.reflect.DelegatingMethodAccessorImpl.invoke(Unknown Source)
	at java.base/java.lang.reflect.Method.invoke(Unknown Source)
	at org.jkiss.dbeaver.launcher.DBeaverLauncher.invokeFramework(DBeaverLauncher.java:647)
	at org.jkiss.dbeaver.launcher.DBeaverLauncher.basicRun(DBeaverLauncher.java:607)
	at org.jkiss.dbeaver.launcher.DBeaverLauncher.run(DBeaverLauncher.java:1464)

!ENTRY org.jkiss.dbeaver.model 4 0 2024-04-21 22:16:59.697
!MESSAGE Event loop exception
!SUBENTRY 1 org.jkiss.dbeaver.model 4 0 2024-04-21 22:16:59.697
!MESSAGE Widget is disposed
!STACK 0
org.eclipse.swt.SWTException: Widget is disposed
	at org.eclipse.swt.SWT.error(SWT.java:4918)
	at org.eclipse.swt.SWT.error(SWT.java:4833)
	at org.eclipse.swt.SWT.error(SWT.java:4804)
	at org.eclipse.swt.widgets.Widget.error(Widget.java:450)
	at org.eclipse.swt.widgets.Widget.checkWidget(Widget.java:369)
	at org.eclipse.swt.widgets.Control.setRedraw(Control.java:3662)
	at org.jkiss.dbeaver.ui.editors.entity.properties.ObjectPropertiesEditor.createPropertyBrowser(ObjectPropertiesEditor.java:183)
	at org.jkiss.dbeaver.ui.editors.entity.properties.ObjectPropertiesEditor.lambda$1(ObjectPropertiesEditor.java:345)
	at org.eclipse.swt.widgets.RunnableLock.run(RunnableLock.java:40)
	at org.eclipse.swt.widgets.Synchronizer.runAsyncMessages(Synchronizer.java:132)
	at org.eclipse.swt.widgets.Display.runAsyncMessages(Display.java:4046)
	at org.eclipse.swt.widgets.Display.readAndDispatch(Display.java:3662)
	at org.eclipse.jface.operation.ModalContext$ModalContextThread.block(ModalContext.java:166)
	at org.eclipse.jface.operation.ModalContext.run(ModalContext.java:368)
	at org.eclipse.ui.internal.WorkbenchWindow.lambda$7(WorkbenchWindow.java:2348)
	at org.eclipse.swt.custom.BusyIndicator.showWhile(BusyIndicator.java:67)
	at org.eclipse.ui.internal.WorkbenchWindow.run(WorkbenchWindow.java:2345)
	at org.jkiss.dbeaver.runtime.RunnableContextDelegate.run(RunnableContextDelegate.java:39)
	at org.jkiss.dbeaver.ui.UIUtils.runInProgressService(UIUtils.java:1925)
	at org.jkiss.dbeaver.ui.editors.entity.properties.ObjectPropertiesEditor.makeDatabaseEditorTabs(ObjectPropertiesEditor.java:593)
	at org.jkiss.dbeaver.ui.editors.entity.properties.ObjectPropertiesEditor.collectFolders(ObjectPropertiesEditor.java:560)
	at org.jkiss.dbeaver.ui.editors.entity.properties.ObjectPropertiesEditor.createPropertyBrowser(ObjectPropertiesEditor.java:151)
	at org.jkiss.dbeaver.ui.editors.entity.properties.ObjectPropertiesEditor.lambda$1(ObjectPropertiesEditor.java:345)
	at org.eclipse.swt.widgets.RunnableLock.run(RunnableLock.java:40)
	at org.eclipse.swt.widgets.Synchronizer.runAsyncMessages(Synchronizer.java:132)
	at org.eclipse.swt.widgets.Display.runAsyncMessages(Display.java:4046)
	at org.eclipse.swt.widgets.Display.readAndDispatch(Display.java:3662)
	at org.eclipse.e4.ui.internal.workbench.swt.PartRenderingEngine$5.run(PartRenderingEngine.java:1155)
	at org.eclipse.core.databinding.observable.Realm.runWithDefault(Realm.java:342)
	at org.eclipse.e4.ui.internal.workbench.swt.PartRenderingEngine.run(PartRenderingEngine.java:1046)
	at org.eclipse.e4.ui.internal.workbench.E4Workbench.createAndRunUI(E4Workbench.java:155)
	at org.eclipse.ui.internal.Workbench.lambda$3(Workbench.java:648)
	at org.eclipse.core.databinding.observable.Realm.runWithDefault(Realm.java:342)
	at org.eclipse.ui.internal.Workbench.createAndRunWorkbench(Workbench.java:555)
	at org.eclipse.ui.PlatformUI.createAndRunWorkbench(PlatformUI.java:173)
	at org.jkiss.dbeaver.ui.app.standalone.DBeaverApplication.start(DBeaverApplication.java:295)
	at org.eclipse.equinox.internal.app.EclipseAppHandle.run(EclipseAppHandle.java:208)
	at org.eclipse.core.runtime.internal.adaptor.EclipseAppLauncher.runApplication(EclipseAppLauncher.java:136)
	at org.eclipse.core.runtime.internal.adaptor.EclipseAppLauncher.start(EclipseAppLauncher.java:104)
	at org.eclipse.core.runtime.adaptor.EclipseStarter.run(EclipseStarter.java:402)
	at org.eclipse.core.runtime.adaptor.EclipseStarter.run(EclipseStarter.java:255)
	at java.base/jdk.internal.reflect.NativeMethodAccessorImpl.invoke0(Native Method)
	at java.base/jdk.internal.reflect.NativeMethodAccessorImpl.invoke(Unknown Source)
	at java.base/jdk.internal.reflect.DelegatingMethodAccessorImpl.invoke(Unknown Source)
	at java.base/java.lang.reflect.Method.invoke(Unknown Source)
	at org.jkiss.dbeaver.launcher.DBeaverLauncher.invokeFramework(DBeaverLauncher.java:647)
	at org.jkiss.dbeaver.launcher.DBeaverLauncher.basicRun(DBeaverLauncher.java:607)
	at org.jkiss.dbeaver.launcher.DBeaverLauncher.run(DBeaverLauncher.java:1464)
!SESSION 2024-04-22 10:18:52.250 -----------------------------------------------
eclipse.buildId=unknown
java.version=17.0.6
java.vendor=Eclipse Adoptium
BootLoader constants: OS=win32, ARCH=x86_64, WS=win32, NL=es_AR
Framework arguments:  -eclipse.keyring C:\Users\FamiliaNatelloMedina\AppData\Roaming\DBeaverData\secure\secure_storage
Command-line arguments:  -os win32 -ws win32 -arch x86_64

!ENTRY org.eclipse.ui 2 2 2024-04-22 10:19:39.769
!MESSAGE Invalid preference category path: org.eclipse.debug.ui.ConsolePreferencePage (bundle: org.eclipse.ui.console, page: org.eclipse.ui.internal.console.ansi.preferences.AnsiConsolePreferencePage)
!SESSION 2024-04-22 10:22:18.762 -----------------------------------------------
eclipse.buildId=unknown
java.version=17.0.6
java.vendor=Eclipse Adoptium
BootLoader constants: OS=win32, ARCH=x86_64, WS=win32, NL=es_AR
Framework arguments:  -eclipse.keyring C:\Users\FamiliaNatelloMedina\AppData\Roaming\DBeaverData\secure\secure_storage
Command-line arguments:  -os win32 -ws win32 -arch x86_64

!ENTRY org.eclipse.ui 2 2 2024-04-22 10:23:22.718
!MESSAGE Invalid preference category path: org.eclipse.debug.ui.ConsolePreferencePage (bundle: org.eclipse.ui.console, page: org.eclipse.ui.internal.console.ansi.preferences.AnsiConsolePreferencePage)
!SESSION 2024-04-23 14:55:15.764 -----------------------------------------------
eclipse.buildId=unknown
java.version=17.0.6
java.vendor=Eclipse Adoptium
BootLoader constants: OS=win32, ARCH=x86_64, WS=win32, NL=es_AR
Framework arguments:  -eclipse.keyring C:\Users\FamiliaNatelloMedina\AppData\Roaming\DBeaverData\secure\secure_storage
Command-line arguments:  -os win32 -ws win32 -arch x86_64

!ENTRY org.eclipse.ui 2 2 2024-04-23 14:58:02.048
!MESSAGE Invalid preference category path: org.eclipse.debug.ui.ConsolePreferencePage (bundle: org.eclipse.ui.console, page: org.eclipse.ui.internal.console.ansi.preferences.AnsiConsolePreferencePage)
!SESSION 2024-04-23 18:03:43.074 -----------------------------------------------
eclipse.buildId=unknown
java.version=17.0.6
java.vendor=Eclipse Adoptium
BootLoader constants: OS=win32, ARCH=x86_64, WS=win32, NL=es_AR
Framework arguments:  -eclipse.keyring C:\Users\FamiliaNatelloMedina\AppData\Roaming\DBeaverData\secure\secure_storage
Command-line arguments:  -os win32 -ws win32 -arch x86_64

!ENTRY org.eclipse.ui 2 2 2024-04-23 18:04:10.205
!MESSAGE Invalid preference category path: org.eclipse.debug.ui.ConsolePreferencePage (bundle: org.eclipse.ui.console, page: org.eclipse.ui.internal.console.ansi.preferences.AnsiConsolePreferencePage)
!SESSION 2024-04-24 11:57:37.657 -----------------------------------------------
eclipse.buildId=unknown
java.version=17.0.6
java.vendor=Eclipse Adoptium
BootLoader constants: OS=win32, ARCH=x86_64, WS=win32, NL=es_AR
Framework arguments:  -eclipse.keyring C:\Users\FamiliaNatelloMedina\AppData\Roaming\DBeaverData\secure\secure_storage
Command-line arguments:  -os win32 -ws win32 -arch x86_64

!ENTRY org.eclipse.ui 2 2 2024-04-24 11:58:06.982
!MESSAGE Invalid preference category path: org.eclipse.debug.ui.ConsolePreferencePage (bundle: org.eclipse.ui.console, page: org.eclipse.ui.internal.console.ansi.preferences.AnsiConsolePreferencePage)
!SESSION 2024-04-25 14:28:24.756 -----------------------------------------------
eclipse.buildId=unknown
java.version=17.0.6
java.vendor=Eclipse Adoptium
BootLoader constants: OS=win32, ARCH=x86_64, WS=win32, NL=es_AR
Framework arguments:  -eclipse.keyring C:\Users\FamiliaNatelloMedina\AppData\Roaming\DBeaverData\secure\secure_storage
Command-line arguments:  -os win32 -ws win32 -arch x86_64

!ENTRY org.eclipse.ui 2 2 2024-04-25 14:30:20.814
!MESSAGE Invalid preference category path: org.eclipse.debug.ui.ConsolePreferencePage (bundle: org.eclipse.ui.console, page: org.eclipse.ui.internal.console.ansi.preferences.AnsiConsolePreferencePage)
!SESSION 2024-04-25 14:38:09.301 -----------------------------------------------
eclipse.buildId=unknown
java.version=17.0.6
java.vendor=Eclipse Adoptium
BootLoader constants: OS=win32, ARCH=x86_64, WS=win32, NL=es_AR
Framework arguments:  -eclipse.keyring C:\Users\FamiliaNatelloMedina\AppData\Roaming\DBeaverData\secure\secure_storage
Command-line arguments:  -os win32 -ws win32 -arch x86_64

!ENTRY org.eclipse.ui 2 2 2024-04-25 14:38:52.883
!MESSAGE Invalid preference category path: org.eclipse.debug.ui.ConsolePreferencePage (bundle: org.eclipse.ui.console, page: org.eclipse.ui.internal.console.ansi.preferences.AnsiConsolePreferencePage)

!ENTRY org.eclipse.ui.workbench 4 0 2024-04-25 18:15:15.229
!MESSAGE Se ha producido un error interno.
!STACK 0
java.lang.NullPointerException: Cannot invoke "String.length()" because "this.overlayText" is null
	at org.eclipse.swt.widgets.TaskItem.updateImageAndText(TaskItem.java:214)
	at org.eclipse.swt.widgets.TaskItem.setOverlayImage(TaskItem.java:330)
	at org.eclipse.ui.internal.progress.TaskBarProgressManager.updateImage(TaskBarProgressManager.java:162)
	at org.eclipse.ui.internal.progress.TaskBarProgressManager$1.runInUIThread(TaskBarProgressManager.java:120)
	at org.eclipse.ui.progress.UIJob.lambda$0(UIJob.java:148)
	at org.eclipse.swt.widgets.RunnableLock.run(RunnableLock.java:40)
	at org.eclipse.swt.widgets.Synchronizer.runAsyncMessages(Synchronizer.java:132)
	at org.eclipse.swt.widgets.Display.runAsyncMessages(Display.java:4046)
	at org.eclipse.swt.widgets.Display.readAndDispatch(Display.java:3662)
	at org.eclipse.swt.widgets.Display.release(Display.java:3737)
	at org.eclipse.swt.graphics.Device.dispose(Device.java:324)
	at org.eclipse.swt.widgets.Display.messageProc(Display.java:3265)
	at org.eclipse.swt.internal.win32.OS.CallWindowProc(Native Method)
	at org.eclipse.swt.widgets.Shell.callWindowProc(Shell.java:485)
	at org.eclipse.swt.widgets.Shell.windowProc(Shell.java:2280)
	at org.eclipse.swt.widgets.Display.windowProc(Display.java:5039)
	at org.eclipse.swt.internal.ole.win32.COM.VtblCall(Native Method)
	at org.eclipse.swt.internal.ole.win32.ITaskbarList3.SetOverlayIcon(ITaskbarList3.java:31)
	at org.eclipse.swt.widgets.TaskItem.destroyWidget(TaskItem.java:112)
	at org.eclipse.swt.widgets.Widget.release(Widget.java:831)
	at org.eclipse.swt.widgets.Widget.dispose(Widget.java:428)
	at org.eclipse.swt.widgets.TaskItem$1.handleEvent(TaskItem.java:469)
	at org.eclipse.swt.widgets.EventTable.sendEvent(EventTable.java:89)
	at org.eclipse.swt.widgets.Display.sendEvent(Display.java:4273)
	at org.eclipse.swt.widgets.Widget.sendEvent(Widget.java:1066)
	at org.eclipse.swt.widgets.Widget.sendEvent(Widget.java:1090)
	at org.eclipse.swt.widgets.Widget.sendEvent(Widget.java:1071)
	at org.eclipse.swt.widgets.Widget.release(Widget.java:814)
	at org.eclipse.swt.widgets.Widget.dispose(Widget.java:428)
	at org.eclipse.swt.widgets.Decorations.dispose(Decorations.java:392)
	at org.eclipse.e4.ui.workbench.renderers.swt.SWTPartRenderer.disposeWidget(SWTPartRenderer.java:183)
	at org.eclipse.e4.ui.internal.workbench.swt.PartRenderingEngine.safeRemoveGui(PartRenderingEngine.java:938)
	at org.eclipse.e4.ui.internal.workbench.swt.PartRenderingEngine$4.run(PartRenderingEngine.java:861)
	at org.eclipse.core.runtime.SafeRunner.run(SafeRunner.java:47)
	at org.eclipse.e4.ui.internal.workbench.swt.PartRenderingEngine.removeGui(PartRenderingEngine.java:845)
	at org.eclipse.ui.internal.WorkbenchWindow.hardClose(WorkbenchWindow.java:2089)
	at org.eclipse.ui.internal.WorkbenchWindow.busyClose(WorkbenchWindow.java:1721)
	at org.eclipse.ui.internal.WorkbenchWindow.lambda$5(WorkbenchWindow.java:1745)
	at org.eclipse.swt.custom.BusyIndicator.showWhile(BusyIndicator.java:67)
	at org.eclipse.ui.internal.WorkbenchWindow.close(WorkbenchWindow.java:1745)
	at org.eclipse.ui.internal.Workbench$11.run(Workbench.java:1134)
	at org.eclipse.core.runtime.SafeRunner.run(SafeRunner.java:47)
	at org.eclipse.ui.internal.Workbench.busyClose(Workbench.java:1117)
	at org.eclipse.ui.internal.Workbench.lambda$4(Workbench.java:1418)
	at org.eclipse.swt.custom.BusyIndicator.showWhile(BusyIndicator.java:67)
	at org.eclipse.ui.internal.Workbench.close(Workbench.java:1418)
	at org.eclipse.ui.internal.Workbench.close(Workbench.java:1394)
	at org.eclipse.ui.internal.Workbench.lambda$16(Workbench.java:2839)
	at org.eclipse.swt.widgets.EventTable.sendEvent(EventTable.java:89)
	at org.eclipse.swt.widgets.Display.sendEvent(Display.java:4273)
	at org.eclipse.swt.widgets.Display.sendEvent(Display.java:4265)
	at org.eclipse.swt.widgets.Display.messageProc(Display.java:3271)
	at org.eclipse.swt.internal.win32.OS.PeekMessage(Native Method)
	at org.eclipse.swt.widgets.Display.readAndDispatch(Display.java:3654)
	at org.eclipse.e4.ui.internal.workbench.swt.PartRenderingEngine$5.run(PartRenderingEngine.java:1155)
	at org.eclipse.core.databinding.observable.Realm.runWithDefault(Realm.java:342)
	at org.eclipse.e4.ui.internal.workbench.swt.PartRenderingEngine.run(PartRenderingEngine.java:1046)
	at org.eclipse.e4.ui.internal.workbench.E4Workbench.createAndRunUI(E4Workbench.java:155)
	at org.eclipse.ui.internal.Workbench.lambda$3(Workbench.java:648)
	at org.eclipse.core.databinding.observable.Realm.runWithDefault(Realm.java:342)
	at org.eclipse.ui.internal.Workbench.createAndRunWorkbench(Workbench.java:555)
	at org.eclipse.ui.PlatformUI.createAndRunWorkbench(PlatformUI.java:173)
	at org.jkiss.dbeaver.ui.app.standalone.DBeaverApplication.start(DBeaverApplication.java:295)
	at org.eclipse.equinox.internal.app.EclipseAppHandle.run(EclipseAppHandle.java:208)
	at org.eclipse.core.runtime.internal.adaptor.EclipseAppLauncher.runApplication(EclipseAppLauncher.java:136)
	at org.eclipse.core.runtime.internal.adaptor.EclipseAppLauncher.start(EclipseAppLauncher.java:104)
	at org.eclipse.core.runtime.adaptor.EclipseStarter.run(EclipseStarter.java:402)
	at org.eclipse.core.runtime.adaptor.EclipseStarter.run(EclipseStarter.java:255)
	at java.base/jdk.internal.reflect.NativeMethodAccessorImpl.invoke0(Native Method)
	at java.base/jdk.internal.reflect.NativeMethodAccessorImpl.invoke(Unknown Source)
	at java.base/jdk.internal.reflect.DelegatingMethodAccessorImpl.invoke(Unknown Source)
	at java.base/java.lang.reflect.Method.invoke(Unknown Source)
	at org.jkiss.dbeaver.launcher.DBeaverLauncher.invokeFramework(DBeaverLauncher.java:647)
	at org.jkiss.dbeaver.launcher.DBeaverLauncher.basicRun(DBeaverLauncher.java:607)
	at org.jkiss.dbeaver.launcher.DBeaverLauncher.run(DBeaverLauncher.java:1464)
!SESSION 2024-04-28 15:34:06.844 -----------------------------------------------
eclipse.buildId=unknown
java.version=17.0.6
java.vendor=Eclipse Adoptium
BootLoader constants: OS=win32, ARCH=x86_64, WS=win32, NL=es_AR
Framework arguments:  -eclipse.keyring C:\Users\FamiliaNatelloMedina\AppData\Roaming\DBeaverData\secure\secure_storage
Command-line arguments:  -os win32 -ws win32 -arch x86_64

!ENTRY org.jkiss.dbeaver.model 4 0 2024-04-28 15:34:41.608
!MESSAGE Error accessing instance server: java.net.ConnectException

!ENTRY org.eclipse.ui 2 2 2024-04-28 15:35:54.884
!MESSAGE Invalid preference category path: org.eclipse.debug.ui.ConsolePreferencePage (bundle: org.eclipse.ui.console, page: org.eclipse.ui.internal.console.ansi.preferences.AnsiConsolePreferencePage)
!SESSION 2024-04-30 20:36:54.595 -----------------------------------------------
eclipse.buildId=unknown
java.version=17.0.6
java.vendor=Eclipse Adoptium
BootLoader constants: OS=win32, ARCH=x86_64, WS=win32, NL=es_AR
Framework arguments:  -eclipse.keyring C:\Users\FamiliaNatelloMedina\AppData\Roaming\DBeaverData\secure\secure_storage
Command-line arguments:  -os win32 -ws win32 -arch x86_64

!ENTRY org.eclipse.ui 2 2 2024-04-30 20:37:33.103
!MESSAGE Invalid preference category path: org.eclipse.debug.ui.ConsolePreferencePage (bundle: org.eclipse.ui.console, page: org.eclipse.ui.internal.console.ansi.preferences.AnsiConsolePreferencePage)
!SESSION 2024-05-01 20:48:00.564 -----------------------------------------------
eclipse.buildId=unknown
java.version=17.0.6
java.vendor=Eclipse Adoptium
BootLoader constants: OS=win32, ARCH=x86_64, WS=win32, NL=es_AR
Framework arguments:  -eclipse.keyring C:\Users\FamiliaNatelloMedina\AppData\Roaming\DBeaverData\secure\secure_storage
Command-line arguments:  -os win32 -ws win32 -arch x86_64

!ENTRY org.eclipse.ui 2 2 2024-05-01 20:51:28.566
!MESSAGE Invalid preference category path: org.eclipse.debug.ui.ConsolePreferencePage (bundle: org.eclipse.ui.console, page: org.eclipse.ui.internal.console.ansi.preferences.AnsiConsolePreferencePage)
!SESSION 2024-05-02 11:02:29.673 -----------------------------------------------
eclipse.buildId=unknown
java.version=17.0.6
java.vendor=Eclipse Adoptium
BootLoader constants: OS=win32, ARCH=x86_64, WS=win32, NL=es_AR
Framework arguments:  -eclipse.keyring C:\Users\FamiliaNatelloMedina\AppData\Roaming\DBeaverData\secure\secure_storage
Command-line arguments:  -os win32 -ws win32 -arch x86_64

!ENTRY org.eclipse.ui 2 2 2024-05-02 11:03:02.901
!MESSAGE Invalid preference category path: org.eclipse.debug.ui.ConsolePreferencePage (bundle: org.eclipse.ui.console, page: org.eclipse.ui.internal.console.ansi.preferences.AnsiConsolePreferencePage)
!SESSION 2024-05-16 17:30:41.686 -----------------------------------------------
eclipse.buildId=unknown
java.version=17.0.6
java.vendor=Eclipse Adoptium
BootLoader constants: OS=win32, ARCH=x86_64, WS=win32, NL=es_AR
Framework arguments:  -eclipse.keyring C:\Users\FamiliaNatelloMedina\AppData\Roaming\DBeaverData\secure\secure_storage
Command-line arguments:  -os win32 -ws win32 -arch x86_64

!ENTRY org.eclipse.ui 2 2 2024-05-16 17:32:41.064
!MESSAGE Invalid preference category path: org.eclipse.debug.ui.ConsolePreferencePage (bundle: org.eclipse.ui.console, page: org.eclipse.ui.internal.console.ansi.preferences.AnsiConsolePreferencePage)
!SESSION 2024-05-16 17:42:40.792 -----------------------------------------------
eclipse.buildId=unknown
java.version=17.0.6
java.vendor=Eclipse Adoptium
BootLoader constants: OS=win32, ARCH=x86_64, WS=win32, NL=es
Framework arguments:  -eclipse.keyring C:\Users\FamiliaNatelloMedina\AppData\Roaming\DBeaverData\secure\secure_storage
Command-line arguments:  -os win32 -ws win32 -arch x86_64

!ENTRY org.eclipse.ui 2 2 2024-05-16 17:43:57.640
!MESSAGE Invalid preference category path: org.eclipse.debug.ui.ConsolePreferencePage (bundle: org.eclipse.ui.console, page: org.eclipse.ui.internal.console.ansi.preferences.AnsiConsolePreferencePage)

!ENTRY org.jkiss.dbeaver.model 4 0 2024-05-16 17:48:40.873
!MESSAGE Unknown database 'mvc-pawperties'
!STACK 0
java.sql.SQLSyntaxErrorException: Unknown database 'mvc-pawperties'
	at com.mysql.cj.jdbc.exceptions.SQLError.createSQLException(SQLError.java:121)
	at com.mysql.cj.jdbc.exceptions.SQLExceptionsMapping.translateException(SQLExceptionsMapping.java:122)
	at com.mysql.cj.jdbc.ConnectionImpl.createNewIO(ConnectionImpl.java:815)
	at com.mysql.cj.jdbc.ConnectionImpl.<init>(ConnectionImpl.java:438)
	at com.mysql.cj.jdbc.ConnectionImpl.getInstance(ConnectionImpl.java:241)
	at com.mysql.cj.jdbc.NonRegisteringDriver.connect(NonRegisteringDriver.java:189)
	at org.jkiss.dbeaver.model.impl.jdbc.JDBCConnectionOpener.run(JDBCConnectionOpener.java:109)
	at org.jkiss.dbeaver.model.impl.jdbc.JDBCConnectionOpener.run(JDBCConnectionOpener.java:83)
	at org.jkiss.dbeaver.model.impl.jdbc.JDBCDataSource.openConnection(JDBCDataSource.java:221)
	at org.jkiss.dbeaver.ext.mysql.model.MySQLDataSource.openConnection(MySQLDataSource.java:481)
	at org.jkiss.dbeaver.model.impl.jdbc.JDBCExecutionContext.connect(JDBCExecutionContext.java:106)
	at org.jkiss.dbeaver.model.impl.jdbc.JDBCRemoteInstance.initializeMainContext(JDBCRemoteInstance.java:102)
	at org.jkiss.dbeaver.model.impl.jdbc.JDBCRemoteInstance.<init>(JDBCRemoteInstance.java:61)
	at org.jkiss.dbeaver.model.impl.jdbc.JDBCDataSource.initializeRemoteInstance(JDBCDataSource.java:119)
	at org.jkiss.dbeaver.model.impl.jdbc.JDBCDataSource.<init>(JDBCDataSource.java:103)
	at org.jkiss.dbeaver.model.impl.jdbc.JDBCDataSource.<init>(JDBCDataSource.java:94)
	at org.jkiss.dbeaver.ext.mysql.model.MySQLDataSource.<init>(MySQLDataSource.java:121)
	at org.jkiss.dbeaver.ext.mysql.model.MySQLDataSource.<init>(MySQLDataSource.java:116)
	at org.jkiss.dbeaver.ext.mysql.MySQLDataSourceProvider.openDataSource(MySQLDataSourceProvider.java:154)
	at org.jkiss.dbeaver.registry.DataSourceDescriptor.openDataSource(DataSourceDescriptor.java:1366)
	at org.jkiss.dbeaver.registry.DataSourceDescriptor.connect0(DataSourceDescriptor.java:1243)
	at org.jkiss.dbeaver.registry.DataSourceDescriptor.connect(DataSourceDescriptor.java:1033)
	at org.jkiss.dbeaver.runtime.jobs.ConnectJob.run(ConnectJob.java:78)
	at org.jkiss.dbeaver.runtime.jobs.ConnectJob.runSync(ConnectJob.java:109)
	at org.jkiss.dbeaver.ui.actions.datasource.DataSourceHandler.connectToDataSource(DataSourceHandler.java:117)
	at org.jkiss.dbeaver.ui.actions.datasource.UIServiceConnectionsImpl.initConnection(UIServiceConnectionsImpl.java:87)
	at org.jkiss.dbeaver.model.DBUtils.initDataSource(DBUtils.java:2505)
	at org.jkiss.dbeaver.model.navigator.DBNDataSource.initializeNode(DBNDataSource.java:158)
	at org.jkiss.dbeaver.model.navigator.DBNDatabaseNode.getChildren(DBNDatabaseNode.java:227)
	at org.jkiss.dbeaver.model.navigator.DBNDatabaseNode.getChildren(DBNDatabaseNode.java:1)
	at org.jkiss.dbeaver.model.navigator.DBNUtils.getNodeChildrenFiltered(DBNUtils.java:91)
	at org.jkiss.dbeaver.ui.navigator.database.load.TreeLoadService.evaluate(TreeLoadService.java:49)
	at org.jkiss.dbeaver.ui.navigator.database.load.TreeLoadService.evaluate(TreeLoadService.java:1)
	at org.jkiss.dbeaver.ui.LoadingJob.run(LoadingJob.java:94)
	at org.jkiss.dbeaver.ui.LoadingJob.run(LoadingJob.java:78)
	at org.jkiss.dbeaver.model.runtime.AbstractJob.run(AbstractJob.java:115)
	at org.eclipse.core.internal.jobs.Worker.run(Worker.java:63)
!SESSION 2024-05-30 14:47:16.866 -----------------------------------------------
eclipse.buildId=unknown
java.version=17.0.6
java.vendor=Eclipse Adoptium
BootLoader constants: OS=win32, ARCH=x86_64, WS=win32, NL=es
Framework arguments:  -eclipse.keyring C:\Users\FamiliaNatelloMedina\AppData\Roaming\DBeaverData\secure\secure_storage
Command-line arguments:  -os win32 -ws win32 -arch x86_64

!ENTRY org.eclipse.ui 2 2 2024-05-30 14:48:34.715
!MESSAGE Invalid preference category path: org.eclipse.debug.ui.ConsolePreferencePage (bundle: org.eclipse.ui.console, page: org.eclipse.ui.internal.console.ansi.preferences.AnsiConsolePreferencePage)

!ENTRY org.jkiss.dbeaver.model 4 0 2024-05-30 14:52:36.021
!MESSAGE SQL Error [1049] [42000]: Unknown database 'contacto'
!SUBENTRY 1 org.jkiss.dbeaver.model 4 0 2024-05-30 14:52:36.021
!MESSAGE Unknown database 'contacto'
!STACK 0
java.sql.SQLSyntaxErrorException: Unknown database 'contacto'
	at com.mysql.cj.jdbc.exceptions.SQLError.createSQLException(SQLError.java:121)
	at com.mysql.cj.jdbc.exceptions.SQLExceptionsMapping.translateException(SQLExceptionsMapping.java:122)
	at com.mysql.cj.jdbc.StatementImpl.executeInternal(StatementImpl.java:767)
	at com.mysql.cj.jdbc.StatementImpl.execute(StatementImpl.java:652)
	at org.jkiss.dbeaver.model.impl.jdbc.exec.JDBCStatementImpl.execute(JDBCStatementImpl.java:330)
	at org.jkiss.dbeaver.model.impl.jdbc.exec.JDBCStatementImpl.executeStatement(JDBCStatementImpl.java:131)
	at org.jkiss.dbeaver.ui.editors.sql.execute.SQLQueryJob.executeStatement(SQLQueryJob.java:614)
	at org.jkiss.dbeaver.ui.editors.sql.execute.SQLQueryJob.lambda$2(SQLQueryJob.java:505)
	at org.jkiss.dbeaver.model.exec.DBExecUtils.tryExecuteRecover(DBExecUtils.java:194)
	at org.jkiss.dbeaver.ui.editors.sql.execute.SQLQueryJob.executeSingleQuery(SQLQueryJob.java:524)
	at org.jkiss.dbeaver.ui.editors.sql.execute.SQLQueryJob.extractData(SQLQueryJob.java:976)
	at org.jkiss.dbeaver.ui.editors.sql.SQLEditor$QueryResultsContainer.readData(SQLEditor.java:4155)
	at org.jkiss.dbeaver.ui.controls.resultset.ResultSetJobDataRead.lambda$0(ResultSetJobDataRead.java:123)
	at org.jkiss.dbeaver.model.exec.DBExecUtils.tryExecuteRecover(DBExecUtils.java:194)
	at org.jkiss.dbeaver.ui.controls.resultset.ResultSetJobDataRead.run(ResultSetJobDataRead.java:121)
	at org.jkiss.dbeaver.ui.controls.resultset.ResultSetViewer$ResultSetDataPumpJob.run(ResultSetViewer.java:5148)
	at org.jkiss.dbeaver.model.runtime.AbstractJob.run(AbstractJob.java:115)
	at org.eclipse.core.internal.jobs.Worker.run(Worker.java:63)

!ENTRY org.jkiss.dbeaver.model 4 0 2024-05-30 14:53:12.133
!MESSAGE SQL Error [1046] [3D000]: No database selected
!SUBENTRY 1 org.jkiss.dbeaver.model 4 0 2024-05-30 14:53:12.133
!MESSAGE No database selected
!STACK 0
java.sql.SQLException: No database selected
	at com.mysql.cj.jdbc.exceptions.SQLError.createSQLException(SQLError.java:130)
	at com.mysql.cj.jdbc.exceptions.SQLExceptionsMapping.translateException(SQLExceptionsMapping.java:122)
	at com.mysql.cj.jdbc.StatementImpl.executeInternal(StatementImpl.java:767)
	at com.mysql.cj.jdbc.StatementImpl.execute(StatementImpl.java:652)
	at org.jkiss.dbeaver.model.impl.jdbc.exec.JDBCStatementImpl.execute(JDBCStatementImpl.java:330)
	at org.jkiss.dbeaver.model.impl.jdbc.exec.JDBCStatementImpl.executeStatement(JDBCStatementImpl.java:131)
	at org.jkiss.dbeaver.ui.editors.sql.execute.SQLQueryJob.executeStatement(SQLQueryJob.java:614)
	at org.jkiss.dbeaver.ui.editors.sql.execute.SQLQueryJob.lambda$2(SQLQueryJob.java:505)
	at org.jkiss.dbeaver.model.exec.DBExecUtils.tryExecuteRecover(DBExecUtils.java:194)
	at org.jkiss.dbeaver.ui.editors.sql.execute.SQLQueryJob.executeSingleQuery(SQLQueryJob.java:524)
	at org.jkiss.dbeaver.ui.editors.sql.execute.SQLQueryJob.extractData(SQLQueryJob.java:976)
	at org.jkiss.dbeaver.ui.editors.sql.SQLEditor$QueryResultsContainer.readData(SQLEditor.java:4155)
	at org.jkiss.dbeaver.ui.controls.resultset.ResultSetJobDataRead.lambda$0(ResultSetJobDataRead.java:123)
	at org.jkiss.dbeaver.model.exec.DBExecUtils.tryExecuteRecover(DBExecUtils.java:194)
	at org.jkiss.dbeaver.ui.controls.resultset.ResultSetJobDataRead.run(ResultSetJobDataRead.java:121)
	at org.jkiss.dbeaver.ui.controls.resultset.ResultSetViewer$ResultSetDataPumpJob.run(ResultSetViewer.java:5148)
	at org.jkiss.dbeaver.model.runtime.AbstractJob.run(AbstractJob.java:115)
	at org.eclipse.core.internal.jobs.Worker.run(Worker.java:63)

!ENTRY org.jkiss.dbeaver.model 4 0 2024-05-30 14:54:04.932
!MESSAGE SQL Error [1046] [3D000]: No database selected
!SUBENTRY 1 org.jkiss.dbeaver.model 4 0 2024-05-30 14:54:04.932
!MESSAGE No database selected
!STACK 0
java.sql.SQLException: No database selected
	at com.mysql.cj.jdbc.exceptions.SQLError.createSQLException(SQLError.java:130)
	at com.mysql.cj.jdbc.exceptions.SQLExceptionsMapping.translateException(SQLExceptionsMapping.java:122)
	at com.mysql.cj.jdbc.StatementImpl.executeInternal(StatementImpl.java:767)
	at com.mysql.cj.jdbc.StatementImpl.execute(StatementImpl.java:652)
	at org.jkiss.dbeaver.model.impl.jdbc.exec.JDBCStatementImpl.execute(JDBCStatementImpl.java:330)
	at org.jkiss.dbeaver.model.impl.jdbc.exec.JDBCStatementImpl.executeStatement(JDBCStatementImpl.java:131)
	at org.jkiss.dbeaver.ui.editors.sql.execute.SQLQueryJob.executeStatement(SQLQueryJob.java:614)
	at org.jkiss.dbeaver.ui.editors.sql.execute.SQLQueryJob.lambda$2(SQLQueryJob.java:505)
	at org.jkiss.dbeaver.model.exec.DBExecUtils.tryExecuteRecover(DBExecUtils.java:194)
	at org.jkiss.dbeaver.ui.editors.sql.execute.SQLQueryJob.executeSingleQuery(SQLQueryJob.java:524)
	at org.jkiss.dbeaver.ui.editors.sql.execute.SQLQueryJob.extractData(SQLQueryJob.java:976)
	at org.jkiss.dbeaver.ui.editors.sql.SQLEditor$QueryResultsContainer.readData(SQLEditor.java:4155)
	at org.jkiss.dbeaver.ui.controls.resultset.ResultSetJobDataRead.lambda$0(ResultSetJobDataRead.java:123)
	at org.jkiss.dbeaver.model.exec.DBExecUtils.tryExecuteRecover(DBExecUtils.java:194)
	at org.jkiss.dbeaver.ui.controls.resultset.ResultSetJobDataRead.run(ResultSetJobDataRead.java:121)
	at org.jkiss.dbeaver.ui.controls.resultset.ResultSetViewer$ResultSetDataPumpJob.run(ResultSetViewer.java:5148)
	at org.jkiss.dbeaver.model.runtime.AbstractJob.run(AbstractJob.java:115)
	at org.eclipse.core.internal.jobs.Worker.run(Worker.java:63)
!SESSION 2024-05-30 14:55:16.877 -----------------------------------------------
eclipse.buildId=unknown
java.version=17.0.6
java.vendor=Eclipse Adoptium
BootLoader constants: OS=win32, ARCH=x86_64, WS=win32, NL=es
Framework arguments:  -eclipse.keyring C:\Users\FamiliaNatelloMedina\AppData\Roaming\DBeaverData\secure\secure_storage
Command-line arguments:  -os win32 -ws win32 -arch x86_64

!ENTRY org.eclipse.ui 2 2 2024-05-30 14:55:35.824
!MESSAGE Invalid preference category path: org.eclipse.debug.ui.ConsolePreferencePage (bundle: org.eclipse.ui.console, page: org.eclipse.ui.internal.console.ansi.preferences.AnsiConsolePreferencePage)
!SESSION 2024-05-31 22:40:16.894 -----------------------------------------------
eclipse.buildId=unknown
java.version=17.0.6
java.vendor=Eclipse Adoptium
BootLoader constants: OS=win32, ARCH=x86_64, WS=win32, NL=es
Framework arguments:  -eclipse.keyring C:\Users\FamiliaNatelloMedina\AppData\Roaming\DBeaverData\secure\secure_storage
Command-line arguments:  -os win32 -ws win32 -arch x86_64

!ENTRY org.eclipse.ui 2 2 2024-05-31 22:40:45.387
!MESSAGE Invalid preference category path: org.eclipse.debug.ui.ConsolePreferencePage (bundle: org.eclipse.ui.console, page: org.eclipse.ui.internal.console.ansi.preferences.AnsiConsolePreferencePage)

!ENTRY org.jkiss.dbeaver.model 4 0 2024-05-31 22:43:44.253
!MESSAGE Only SELECT statements could produce execution plan
!STACK 0
org.jkiss.dbeaver.model.exec.DBCException: Only SELECT statements could produce execution plan
	at org.jkiss.dbeaver.ext.mysql.model.plan.MySQLPlanAnalyser.explain(MySQLPlanAnalyser.java:59)
	at org.jkiss.dbeaver.ext.mysql.model.plan.MySQLPlanAnalyser.planQueryExecution(MySQLPlanAnalyser.java:84)
	at org.jkiss.dbeaver.ui.editors.sql.plan.ExplainPlanViewer$ExplainPlanService.lambda$0(ExplainPlanViewer.java:408)
	at org.jkiss.dbeaver.model.exec.DBExecUtils.tryExecuteRecover(DBExecUtils.java:194)
	at org.jkiss.dbeaver.ui.editors.sql.plan.ExplainPlanViewer$ExplainPlanService.evaluate(ExplainPlanViewer.java:402)
	at org.jkiss.dbeaver.ui.editors.sql.plan.ExplainPlanViewer$ExplainPlanService.evaluate(ExplainPlanViewer.java:1)
	at org.jkiss.dbeaver.ui.LoadingJob.run(LoadingJob.java:94)
	at org.jkiss.dbeaver.ui.LoadingJob.run(LoadingJob.java:78)
	at org.jkiss.dbeaver.model.runtime.AbstractJob.run(AbstractJob.java:115)
	at org.eclipse.core.internal.jobs.Worker.run(Worker.java:63)

!ENTRY org.eclipse.ui 4 0 2024-05-31 23:51:38.775
!MESSAGE Unhandled event loop exception
!STACK 0
org.eclipse.swt.SWTException: Widget is disposed
	at org.eclipse.swt.SWT.error(SWT.java:4922)
	at org.eclipse.swt.SWT.error(SWT.java:4837)
	at org.eclipse.swt.SWT.error(SWT.java:4808)
	at org.eclipse.swt.widgets.Widget.error(Widget.java:484)
	at org.eclipse.swt.widgets.Widget.checkWidget(Widget.java:403)
	at org.eclipse.swt.widgets.ToolBar.getItems(ToolBar.java:613)
	at org.jkiss.dbeaver.ui.UIUtils.findToolItemByCommandId(UIUtils.java:2468)
	at org.jkiss.dbeaver.ui.editors.sql.SQLEditor.getViewToolItem(SQLEditor.java:1677)
	at org.jkiss.dbeaver.ui.editors.sql.SQLEditor.updateMultipleResultsPerTabToolItem(SQLEditor.java:1191)
	at org.jkiss.dbeaver.ui.editors.sql.SQLEditor.lambda$31(SQLEditor.java:3435)
	at org.eclipse.swt.widgets.RunnableLock.run(RunnableLock.java:40)
	at org.eclipse.swt.widgets.Synchronizer.runAsyncMessages(Synchronizer.java:132)
	at org.eclipse.swt.widgets.Display.runAsyncMessages(Display.java:4047)
	at org.eclipse.swt.widgets.Display.readAndDispatch(Display.java:3663)
	at org.eclipse.jface.operation.ModalContext$ModalContextThread.block(ModalContext.java:168)
	at org.eclipse.jface.operation.ModalContext.run(ModalContext.java:370)
	at org.eclipse.jface.dialogs.ProgressMonitorDialog.run(ProgressMonitorDialog.java:470)
	at org.eclipse.ui.internal.progress.ProgressMonitorJobsDialog.run(ProgressMonitorJobsDialog.java:230)
	at org.eclipse.ui.internal.ide.application.IDEWorkbenchAdvisor.disconnectFromWorkspace(IDEWorkbenchAdvisor.java:559)
	at org.eclipse.ui.internal.ide.application.IDEWorkbenchAdvisor$2.run(IDEWorkbenchAdvisor.java:366)
	at org.eclipse.ui.internal.ide.application.IDEWorkbenchAdvisor.postShutdown(IDEWorkbenchAdvisor.java:387)
	at org.jkiss.dbeaver.ui.app.standalone.ApplicationWorkbenchAdvisor.postShutdown(ApplicationWorkbenchAdvisor.java:358)
	at org.eclipse.ui.internal.Workbench.shutdown(Workbench.java:2974)
	at org.eclipse.ui.internal.Workbench.busyClose(Workbench.java:1141)
	at org.eclipse.ui.internal.Workbench.lambda$4(Workbench.java:1409)
	at org.eclipse.swt.custom.BusyIndicator.showWhile(BusyIndicator.java:67)
	at org.eclipse.ui.internal.Workbench.close(Workbench.java:1409)
	at org.eclipse.ui.internal.Workbench.close(Workbench.java:1385)
	at org.eclipse.ui.internal.WorkbenchWindow.busyClose(WorkbenchWindow.java:1714)
	at org.eclipse.ui.internal.WorkbenchWindow.lambda$5(WorkbenchWindow.java:1741)
	at org.eclipse.swt.custom.BusyIndicator.showWhile(BusyIndicator.java:67)
	at org.eclipse.ui.internal.WorkbenchWindow.close(WorkbenchWindow.java:1741)
	at org.eclipse.ui.internal.WorkbenchWindow.close(WorkbenchWindow.java:1750)
	at org.eclipse.ui.internal.WorkbenchWindow.lambda$2(WorkbenchWindow.java:505)
	at org.eclipse.e4.ui.workbench.renderers.swt.WBWRenderer.lambda$4(WBWRenderer.java:572)
	at org.eclipse.swt.events.ShellListener$2.shellClosed(ShellListener.java:102)
	at org.eclipse.swt.widgets.TypedListener.handleEvent(TypedListener.java:115)
	at org.eclipse.swt.widgets.EventTable.sendEvent(EventTable.java:91)
	at org.eclipse.swt.widgets.Display.sendEvent(Display.java:4274)
	at org.eclipse.swt.widgets.Widget.sendEvent(Widget.java:1156)
	at org.eclipse.swt.widgets.Widget.sendEvent(Widget.java:1180)
	at org.eclipse.swt.widgets.Widget.sendEvent(Widget.java:1165)
	at org.eclipse.swt.widgets.Decorations.closeWidget(Decorations.java:269)
	at org.eclipse.swt.widgets.Decorations.WM_CLOSE(Decorations.java:1550)
	at org.eclipse.swt.widgets.Control.windowProc(Control.java:4697)
	at org.eclipse.swt.widgets.Canvas.windowProc(Canvas.java:340)
	at org.eclipse.swt.widgets.Decorations.windowProc(Decorations.java:1478)
	at org.eclipse.swt.widgets.Shell.windowProc(Shell.java:2298)
	at org.eclipse.swt.widgets.Display.windowProc(Display.java:5039)
	at org.eclipse.swt.internal.win32.OS.DefWindowProc(Native Method)
	at org.eclipse.swt.widgets.Shell.callWindowProc(Shell.java:501)
	at org.eclipse.swt.widgets.Control.windowProc(Control.java:4796)
	at org.eclipse.swt.widgets.Canvas.windowProc(Canvas.java:340)
	at org.eclipse.swt.widgets.Decorations.windowProc(Decorations.java:1478)
	at org.eclipse.swt.widgets.Shell.windowProc(Shell.java:2298)
	at org.eclipse.swt.widgets.Display.windowProc(Display.java:5039)
	at org.eclipse.swt.internal.win32.OS.DispatchMessage(Native Method)
	at org.eclipse.swt.widgets.Display.readAndDispatch(Display.java:3658)
	at org.eclipse.e4.ui.internal.workbench.swt.PartRenderingEngine$5.run(PartRenderingEngine.java:1151)
	at org.eclipse.core.databinding.observable.Realm.runWithDefault(Realm.java:339)
	at org.eclipse.e4.ui.internal.workbench.swt.PartRenderingEngine.run(PartRenderingEngine.java:1042)
	at org.eclipse.e4.ui.internal.workbench.E4Workbench.createAndRunUI(E4Workbench.java:152)
	at org.eclipse.ui.internal.Workbench.lambda$3(Workbench.java:639)
	at org.eclipse.core.databinding.observable.Realm.runWithDefault(Realm.java:339)
	at org.eclipse.ui.internal.Workbench.createAndRunWorkbench(Workbench.java:546)
	at org.eclipse.ui.PlatformUI.createAndRunWorkbench(PlatformUI.java:173)
	at org.jkiss.dbeaver.ui.app.standalone.DBeaverApplication.start(DBeaverApplication.java:290)
	at org.eclipse.equinox.internal.app.EclipseAppHandle.run(EclipseAppHandle.java:208)
	at org.eclipse.core.runtime.internal.adaptor.EclipseAppLauncher.runApplication(EclipseAppLauncher.java:143)
	at org.eclipse.core.runtime.internal.adaptor.EclipseAppLauncher.start(EclipseAppLauncher.java:109)
	at org.eclipse.core.runtime.adaptor.EclipseStarter.run(EclipseStarter.java:439)
	at org.eclipse.core.runtime.adaptor.EclipseStarter.run(EclipseStarter.java:271)
	at java.base/jdk.internal.reflect.NativeMethodAccessorImpl.invoke0(Native Method)
	at java.base/jdk.internal.reflect.NativeMethodAccessorImpl.invoke(Unknown Source)
	at java.base/jdk.internal.reflect.DelegatingMethodAccessorImpl.invoke(Unknown Source)
	at java.base/java.lang.reflect.Method.invoke(Unknown Source)
	at org.jkiss.dbeaver.launcher.DBeaverLauncher.invokeFramework(DBeaverLauncher.java:648)
	at org.jkiss.dbeaver.launcher.DBeaverLauncher.basicRun(DBeaverLauncher.java:608)
	at org.jkiss.dbeaver.launcher.DBeaverLauncher.run(DBeaverLauncher.java:1465)

!ENTRY org.jkiss.dbeaver.model 4 0 2024-05-31 23:51:38.806
!MESSAGE Event loop exception
!SUBENTRY 1 org.jkiss.dbeaver.model 4 0 2024-05-31 23:51:38.806
!MESSAGE Widget is disposed
!STACK 0
org.eclipse.swt.SWTException: Widget is disposed
	at org.eclipse.swt.SWT.error(SWT.java:4922)
	at org.eclipse.swt.SWT.error(SWT.java:4837)
	at org.eclipse.swt.SWT.error(SWT.java:4808)
	at org.eclipse.swt.widgets.Widget.error(Widget.java:484)
	at org.eclipse.swt.widgets.Widget.checkWidget(Widget.java:403)
	at org.eclipse.swt.widgets.ToolBar.getItems(ToolBar.java:613)
	at org.jkiss.dbeaver.ui.UIUtils.findToolItemByCommandId(UIUtils.java:2468)
	at org.jkiss.dbeaver.ui.editors.sql.SQLEditor.getViewToolItem(SQLEditor.java:1677)
	at org.jkiss.dbeaver.ui.editors.sql.SQLEditor.updateMultipleResultsPerTabToolItem(SQLEditor.java:1191)
	at org.jkiss.dbeaver.ui.editors.sql.SQLEditor.lambda$31(SQLEditor.java:3435)
	at org.eclipse.swt.widgets.RunnableLock.run(RunnableLock.java:40)
	at org.eclipse.swt.widgets.Synchronizer.runAsyncMessages(Synchronizer.java:132)
	at org.eclipse.swt.widgets.Display.runAsyncMessages(Display.java:4047)
	at org.eclipse.swt.widgets.Display.readAndDispatch(Display.java:3663)
	at org.eclipse.jface.operation.ModalContext$ModalContextThread.block(ModalContext.java:168)
	at org.eclipse.jface.operation.ModalContext.run(ModalContext.java:370)
	at org.eclipse.jface.dialogs.ProgressMonitorDialog.run(ProgressMonitorDialog.java:470)
	at org.eclipse.ui.internal.progress.ProgressMonitorJobsDialog.run(ProgressMonitorJobsDialog.java:230)
	at org.eclipse.ui.internal.ide.application.IDEWorkbenchAdvisor.disconnectFromWorkspace(IDEWorkbenchAdvisor.java:559)
	at org.eclipse.ui.internal.ide.application.IDEWorkbenchAdvisor$2.run(IDEWorkbenchAdvisor.java:366)
	at org.eclipse.ui.internal.ide.application.IDEWorkbenchAdvisor.postShutdown(IDEWorkbenchAdvisor.java:387)
	at org.jkiss.dbeaver.ui.app.standalone.ApplicationWorkbenchAdvisor.postShutdown(ApplicationWorkbenchAdvisor.java:358)
	at org.eclipse.ui.internal.Workbench.shutdown(Workbench.java:2974)
	at org.eclipse.ui.internal.Workbench.busyClose(Workbench.java:1141)
	at org.eclipse.ui.internal.Workbench.lambda$4(Workbench.java:1409)
	at org.eclipse.swt.custom.BusyIndicator.showWhile(BusyIndicator.java:67)
	at org.eclipse.ui.internal.Workbench.close(Workbench.java:1409)
	at org.eclipse.ui.internal.Workbench.close(Workbench.java:1385)
	at org.eclipse.ui.internal.WorkbenchWindow.busyClose(WorkbenchWindow.java:1714)
	at org.eclipse.ui.internal.WorkbenchWindow.lambda$5(WorkbenchWindow.java:1741)
	at org.eclipse.swt.custom.BusyIndicator.showWhile(BusyIndicator.java:67)
	at org.eclipse.ui.internal.WorkbenchWindow.close(WorkbenchWindow.java:1741)
	at org.eclipse.ui.internal.WorkbenchWindow.close(WorkbenchWindow.java:1750)
	at org.eclipse.ui.internal.WorkbenchWindow.lambda$2(WorkbenchWindow.java:505)
	at org.eclipse.e4.ui.workbench.renderers.swt.WBWRenderer.lambda$4(WBWRenderer.java:572)
	at org.eclipse.swt.events.ShellListener$2.shellClosed(ShellListener.java:102)
	at org.eclipse.swt.widgets.TypedListener.handleEvent(TypedListener.java:115)
	at org.eclipse.swt.widgets.EventTable.sendEvent(EventTable.java:91)
	at org.eclipse.swt.widgets.Display.sendEvent(Display.java:4274)
	at org.eclipse.swt.widgets.Widget.sendEvent(Widget.java:1156)
	at org.eclipse.swt.widgets.Widget.sendEvent(Widget.java:1180)
	at org.eclipse.swt.widgets.Widget.sendEvent(Widget.java:1165)
	at org.eclipse.swt.widgets.Decorations.closeWidget(Decorations.java:269)
	at org.eclipse.swt.widgets.Decorations.WM_CLOSE(Decorations.java:1550)
	at org.eclipse.swt.widgets.Control.windowProc(Control.java:4697)
	at org.eclipse.swt.widgets.Canvas.windowProc(Canvas.java:340)
	at org.eclipse.swt.widgets.Decorations.windowProc(Decorations.java:1478)
	at org.eclipse.swt.widgets.Shell.windowProc(Shell.java:2298)
	at org.eclipse.swt.widgets.Display.windowProc(Display.java:5039)
	at org.eclipse.swt.internal.win32.OS.DefWindowProc(Native Method)
	at org.eclipse.swt.widgets.Shell.callWindowProc(Shell.java:501)
	at org.eclipse.swt.widgets.Control.windowProc(Control.java:4796)
	at org.eclipse.swt.widgets.Canvas.windowProc(Canvas.java:340)
	at org.eclipse.swt.widgets.Decorations.windowProc(Decorations.java:1478)
	at org.eclipse.swt.widgets.Shell.windowProc(Shell.java:2298)
	at org.eclipse.swt.widgets.Display.windowProc(Display.java:5039)
	at org.eclipse.swt.internal.win32.OS.DispatchMessage(Native Method)
	at org.eclipse.swt.widgets.Display.readAndDispatch(Display.java:3658)
	at org.eclipse.e4.ui.internal.workbench.swt.PartRenderingEngine$5.run(PartRenderingEngine.java:1151)
	at org.eclipse.core.databinding.observable.Realm.runWithDefault(Realm.java:339)
	at org.eclipse.e4.ui.internal.workbench.swt.PartRenderingEngine.run(PartRenderingEngine.java:1042)
	at org.eclipse.e4.ui.internal.workbench.E4Workbench.createAndRunUI(E4Workbench.java:152)
	at org.eclipse.ui.internal.Workbench.lambda$3(Workbench.java:639)
	at org.eclipse.core.databinding.observable.Realm.runWithDefault(Realm.java:339)
	at org.eclipse.ui.internal.Workbench.createAndRunWorkbench(Workbench.java:546)
	at org.eclipse.ui.PlatformUI.createAndRunWorkbench(PlatformUI.java:173)
	at org.jkiss.dbeaver.ui.app.standalone.DBeaverApplication.start(DBeaverApplication.java:290)
	at org.eclipse.equinox.internal.app.EclipseAppHandle.run(EclipseAppHandle.java:208)
	at org.eclipse.core.runtime.internal.adaptor.EclipseAppLauncher.runApplication(EclipseAppLauncher.java:143)
	at org.eclipse.core.runtime.internal.adaptor.EclipseAppLauncher.start(EclipseAppLauncher.java:109)
	at org.eclipse.core.runtime.adaptor.EclipseStarter.run(EclipseStarter.java:439)
	at org.eclipse.core.runtime.adaptor.EclipseStarter.run(EclipseStarter.java:271)
	at java.base/jdk.internal.reflect.NativeMethodAccessorImpl.invoke0(Native Method)
	at java.base/jdk.internal.reflect.NativeMethodAccessorImpl.invoke(Unknown Source)
	at java.base/jdk.internal.reflect.DelegatingMethodAccessorImpl.invoke(Unknown Source)
	at java.base/java.lang.reflect.Method.invoke(Unknown Source)
	at org.jkiss.dbeaver.launcher.DBeaverLauncher.invokeFramework(DBeaverLauncher.java:648)
	at org.jkiss.dbeaver.launcher.DBeaverLauncher.basicRun(DBeaverLauncher.java:608)
	at org.jkiss.dbeaver.launcher.DBeaverLauncher.run(DBeaverLauncher.java:1465)

!ENTRY org.eclipse.ui 4 0 2024-05-31 23:51:38.814
!MESSAGE Unhandled event loop exception
!STACK 0
org.eclipse.swt.SWTException: Widget is disposed
	at org.eclipse.swt.SWT.error(SWT.java:4922)
	at org.eclipse.swt.SWT.error(SWT.java:4837)
	at org.eclipse.swt.SWT.error(SWT.java:4808)
	at org.eclipse.swt.widgets.Widget.error(Widget.java:484)
	at org.eclipse.swt.widgets.Widget.checkWidget(Widget.java:403)
	at org.eclipse.swt.widgets.ToolBar.getItems(ToolBar.java:613)
	at org.jkiss.dbeaver.ui.UIUtils.findToolItemByCommandId(UIUtils.java:2468)
	at org.jkiss.dbeaver.ui.editors.sql.SQLEditor.getViewToolItem(SQLEditor.java:1677)
	at org.jkiss.dbeaver.ui.editors.sql.SQLEditor.updateMultipleResultsPerTabToolItem(SQLEditor.java:1191)
	at org.jkiss.dbeaver.ui.editors.sql.SQLEditor.lambda$31(SQLEditor.java:3435)
	at org.eclipse.swt.widgets.RunnableLock.run(RunnableLock.java:40)
	at org.eclipse.swt.widgets.Synchronizer.runAsyncMessages(Synchronizer.java:132)
	at org.eclipse.swt.widgets.Display.runAsyncMessages(Display.java:4047)
	at org.eclipse.swt.widgets.Display.readAndDispatch(Display.java:3663)
	at org.eclipse.jface.operation.ModalContext$ModalContextThread.block(ModalContext.java:168)
	at org.eclipse.jface.operation.ModalContext.run(ModalContext.java:370)
	at org.eclipse.jface.dialogs.ProgressMonitorDialog.run(ProgressMonitorDialog.java:470)
	at org.eclipse.ui.internal.progress.ProgressMonitorJobsDialog.run(ProgressMonitorJobsDialog.java:230)
	at org.eclipse.ui.internal.ide.application.IDEWorkbenchAdvisor.disconnectFromWorkspace(IDEWorkbenchAdvisor.java:559)
	at org.eclipse.ui.internal.ide.application.IDEWorkbenchAdvisor$2.run(IDEWorkbenchAdvisor.java:366)
	at org.eclipse.ui.internal.ide.application.IDEWorkbenchAdvisor.postShutdown(IDEWorkbenchAdvisor.java:387)
	at org.jkiss.dbeaver.ui.app.standalone.ApplicationWorkbenchAdvisor.postShutdown(ApplicationWorkbenchAdvisor.java:358)
	at org.eclipse.ui.internal.Workbench.shutdown(Workbench.java:2974)
	at org.eclipse.ui.internal.Workbench.busyClose(Workbench.java:1141)
	at org.eclipse.ui.internal.Workbench.lambda$4(Workbench.java:1409)
	at org.eclipse.swt.custom.BusyIndicator.showWhile(BusyIndicator.java:67)
	at org.eclipse.ui.internal.Workbench.close(Workbench.java:1409)
	at org.eclipse.ui.internal.Workbench.close(Workbench.java:1385)
	at org.eclipse.ui.internal.WorkbenchWindow.busyClose(WorkbenchWindow.java:1714)
	at org.eclipse.ui.internal.WorkbenchWindow.lambda$5(WorkbenchWindow.java:1741)
	at org.eclipse.swt.custom.BusyIndicator.showWhile(BusyIndicator.java:67)
	at org.eclipse.ui.internal.WorkbenchWindow.close(WorkbenchWindow.java:1741)
	at org.eclipse.ui.internal.WorkbenchWindow.close(WorkbenchWindow.java:1750)
	at org.eclipse.ui.internal.WorkbenchWindow.lambda$2(WorkbenchWindow.java:505)
	at org.eclipse.e4.ui.workbench.renderers.swt.WBWRenderer.lambda$4(WBWRenderer.java:572)
	at org.eclipse.swt.events.ShellListener$2.shellClosed(ShellListener.java:102)
	at org.eclipse.swt.widgets.TypedListener.handleEvent(TypedListener.java:115)
	at org.eclipse.swt.widgets.EventTable.sendEvent(EventTable.java:91)
	at org.eclipse.swt.widgets.Display.sendEvent(Display.java:4274)
	at org.eclipse.swt.widgets.Widget.sendEvent(Widget.java:1156)
	at org.eclipse.swt.widgets.Widget.sendEvent(Widget.java:1180)
	at org.eclipse.swt.widgets.Widget.sendEvent(Widget.java:1165)
	at org.eclipse.swt.widgets.Decorations.closeWidget(Decorations.java:269)
	at org.eclipse.swt.widgets.Decorations.WM_CLOSE(Decorations.java:1550)
	at org.eclipse.swt.widgets.Control.windowProc(Control.java:4697)
	at org.eclipse.swt.widgets.Canvas.windowProc(Canvas.java:340)
	at org.eclipse.swt.widgets.Decorations.windowProc(Decorations.java:1478)
	at org.eclipse.swt.widgets.Shell.windowProc(Shell.java:2298)
	at org.eclipse.swt.widgets.Display.windowProc(Display.java:5039)
	at org.eclipse.swt.internal.win32.OS.DefWindowProc(Native Method)
	at org.eclipse.swt.widgets.Shell.callWindowProc(Shell.java:501)
	at org.eclipse.swt.widgets.Control.windowProc(Control.java:4796)
	at org.eclipse.swt.widgets.Canvas.windowProc(Canvas.java:340)
	at org.eclipse.swt.widgets.Decorations.windowProc(Decorations.java:1478)
	at org.eclipse.swt.widgets.Shell.windowProc(Shell.java:2298)
	at org.eclipse.swt.widgets.Display.windowProc(Display.java:5039)
	at org.eclipse.swt.internal.win32.OS.DispatchMessage(Native Method)
	at org.eclipse.swt.widgets.Display.readAndDispatch(Display.java:3658)
	at org.eclipse.e4.ui.internal.workbench.swt.PartRenderingEngine$5.run(PartRenderingEngine.java:1151)
	at org.eclipse.core.databinding.observable.Realm.runWithDefault(Realm.java:339)
	at org.eclipse.e4.ui.internal.workbench.swt.PartRenderingEngine.run(PartRenderingEngine.java:1042)
	at org.eclipse.e4.ui.internal.workbench.E4Workbench.createAndRunUI(E4Workbench.java:152)
	at org.eclipse.ui.internal.Workbench.lambda$3(Workbench.java:639)
	at org.eclipse.core.databinding.observable.Realm.runWithDefault(Realm.java:339)
	at org.eclipse.ui.internal.Workbench.createAndRunWorkbench(Workbench.java:546)
	at org.eclipse.ui.PlatformUI.createAndRunWorkbench(PlatformUI.java:173)
	at org.jkiss.dbeaver.ui.app.standalone.DBeaverApplication.start(DBeaverApplication.java:290)
	at org.eclipse.equinox.internal.app.EclipseAppHandle.run(EclipseAppHandle.java:208)
	at org.eclipse.core.runtime.internal.adaptor.EclipseAppLauncher.runApplication(EclipseAppLauncher.java:143)
	at org.eclipse.core.runtime.internal.adaptor.EclipseAppLauncher.start(EclipseAppLauncher.java:109)
	at org.eclipse.core.runtime.adaptor.EclipseStarter.run(EclipseStarter.java:439)
	at org.eclipse.core.runtime.adaptor.EclipseStarter.run(EclipseStarter.java:271)
	at java.base/jdk.internal.reflect.NativeMethodAccessorImpl.invoke0(Native Method)
	at java.base/jdk.internal.reflect.NativeMethodAccessorImpl.invoke(Unknown Source)
	at java.base/jdk.internal.reflect.DelegatingMethodAccessorImpl.invoke(Unknown Source)
	at java.base/java.lang.reflect.Method.invoke(Unknown Source)
	at org.jkiss.dbeaver.launcher.DBeaverLauncher.invokeFramework(DBeaverLauncher.java:648)
	at org.jkiss.dbeaver.launcher.DBeaverLauncher.basicRun(DBeaverLauncher.java:608)
	at org.jkiss.dbeaver.launcher.DBeaverLauncher.run(DBeaverLauncher.java:1465)

!ENTRY org.jkiss.dbeaver.model 4 0 2024-05-31 23:51:38.857
!MESSAGE Event loop exception
!SUBENTRY 1 org.jkiss.dbeaver.model 4 0 2024-05-31 23:51:38.857
!MESSAGE Widget is disposed
!STACK 0
org.eclipse.swt.SWTException: Widget is disposed
	at org.eclipse.swt.SWT.error(SWT.java:4922)
	at org.eclipse.swt.SWT.error(SWT.java:4837)
	at org.eclipse.swt.SWT.error(SWT.java:4808)
	at org.eclipse.swt.widgets.Widget.error(Widget.java:484)
	at org.eclipse.swt.widgets.Widget.checkWidget(Widget.java:403)
	at org.eclipse.swt.widgets.ToolBar.getItems(ToolBar.java:613)
	at org.jkiss.dbeaver.ui.UIUtils.findToolItemByCommandId(UIUtils.java:2468)
	at org.jkiss.dbeaver.ui.editors.sql.SQLEditor.getViewToolItem(SQLEditor.java:1677)
	at org.jkiss.dbeaver.ui.editors.sql.SQLEditor.updateMultipleResultsPerTabToolItem(SQLEditor.java:1191)
	at org.jkiss.dbeaver.ui.editors.sql.SQLEditor.lambda$31(SQLEditor.java:3435)
	at org.eclipse.swt.widgets.RunnableLock.run(RunnableLock.java:40)
	at org.eclipse.swt.widgets.Synchronizer.runAsyncMessages(Synchronizer.java:132)
	at org.eclipse.swt.widgets.Display.runAsyncMessages(Display.java:4047)
	at org.eclipse.swt.widgets.Display.readAndDispatch(Display.java:3663)
	at org.eclipse.jface.operation.ModalContext$ModalContextThread.block(ModalContext.java:168)
	at org.eclipse.jface.operation.ModalContext.run(ModalContext.java:370)
	at org.eclipse.jface.dialogs.ProgressMonitorDialog.run(ProgressMonitorDialog.java:470)
	at org.eclipse.ui.internal.progress.ProgressMonitorJobsDialog.run(ProgressMonitorJobsDialog.java:230)
	at org.eclipse.ui.internal.ide.application.IDEWorkbenchAdvisor.disconnectFromWorkspace(IDEWorkbenchAdvisor.java:559)
	at org.eclipse.ui.internal.ide.application.IDEWorkbenchAdvisor$2.run(IDEWorkbenchAdvisor.java:366)
	at org.eclipse.ui.internal.ide.application.IDEWorkbenchAdvisor.postShutdown(IDEWorkbenchAdvisor.java:387)
	at org.jkiss.dbeaver.ui.app.standalone.ApplicationWorkbenchAdvisor.postShutdown(ApplicationWorkbenchAdvisor.java:358)
	at org.eclipse.ui.internal.Workbench.shutdown(Workbench.java:2974)
	at org.eclipse.ui.internal.Workbench.busyClose(Workbench.java:1141)
	at org.eclipse.ui.internal.Workbench.lambda$4(Workbench.java:1409)
	at org.eclipse.swt.custom.BusyIndicator.showWhile(BusyIndicator.java:67)
	at org.eclipse.ui.internal.Workbench.close(Workbench.java:1409)
	at org.eclipse.ui.internal.Workbench.close(Workbench.java:1385)
	at org.eclipse.ui.internal.WorkbenchWindow.busyClose(WorkbenchWindow.java:1714)
	at org.eclipse.ui.internal.WorkbenchWindow.lambda$5(WorkbenchWindow.java:1741)
	at org.eclipse.swt.custom.BusyIndicator.showWhile(BusyIndicator.java:67)
	at org.eclipse.ui.internal.WorkbenchWindow.close(WorkbenchWindow.java:1741)
	at org.eclipse.ui.internal.WorkbenchWindow.close(WorkbenchWindow.java:1750)
	at org.eclipse.ui.internal.WorkbenchWindow.lambda$2(WorkbenchWindow.java:505)
	at org.eclipse.e4.ui.workbench.renderers.swt.WBWRenderer.lambda$4(WBWRenderer.java:572)
	at org.eclipse.swt.events.ShellListener$2.shellClosed(ShellListener.java:102)
	at org.eclipse.swt.widgets.TypedListener.handleEvent(TypedListener.java:115)
	at org.eclipse.swt.widgets.EventTable.sendEvent(EventTable.java:91)
	at org.eclipse.swt.widgets.Display.sendEvent(Display.java:4274)
	at org.eclipse.swt.widgets.Widget.sendEvent(Widget.java:1156)
	at org.eclipse.swt.widgets.Widget.sendEvent(Widget.java:1180)
	at org.eclipse.swt.widgets.Widget.sendEvent(Widget.java:1165)
	at org.eclipse.swt.widgets.Decorations.closeWidget(Decorations.java:269)
	at org.eclipse.swt.widgets.Decorations.WM_CLOSE(Decorations.java:1550)
	at org.eclipse.swt.widgets.Control.windowProc(Control.java:4697)
	at org.eclipse.swt.widgets.Canvas.windowProc(Canvas.java:340)
	at org.eclipse.swt.widgets.Decorations.windowProc(Decorations.java:1478)
	at org.eclipse.swt.widgets.Shell.windowProc(Shell.java:2298)
	at org.eclipse.swt.widgets.Display.windowProc(Display.java:5039)
	at org.eclipse.swt.internal.win32.OS.DefWindowProc(Native Method)
	at org.eclipse.swt.widgets.Shell.callWindowProc(Shell.java:501)
	at org.eclipse.swt.widgets.Control.windowProc(Control.java:4796)
	at org.eclipse.swt.widgets.Canvas.windowProc(Canvas.java:340)
	at org.eclipse.swt.widgets.Decorations.windowProc(Decorations.java:1478)
	at org.eclipse.swt.widgets.Shell.windowProc(Shell.java:2298)
	at org.eclipse.swt.widgets.Display.windowProc(Display.java:5039)
	at org.eclipse.swt.internal.win32.OS.DispatchMessage(Native Method)
	at org.eclipse.swt.widgets.Display.readAndDispatch(Display.java:3658)
	at org.eclipse.e4.ui.internal.workbench.swt.PartRenderingEngine$5.run(PartRenderingEngine.java:1151)
	at org.eclipse.core.databinding.observable.Realm.runWithDefault(Realm.java:339)
	at org.eclipse.e4.ui.internal.workbench.swt.PartRenderingEngine.run(PartRenderingEngine.java:1042)
	at org.eclipse.e4.ui.internal.workbench.E4Workbench.createAndRunUI(E4Workbench.java:152)
	at org.eclipse.ui.internal.Workbench.lambda$3(Workbench.java:639)
	at org.eclipse.core.databinding.observable.Realm.runWithDefault(Realm.java:339)
	at org.eclipse.ui.internal.Workbench.createAndRunWorkbench(Workbench.java:546)
	at org.eclipse.ui.PlatformUI.createAndRunWorkbench(PlatformUI.java:173)
	at org.jkiss.dbeaver.ui.app.standalone.DBeaverApplication.start(DBeaverApplication.java:290)
	at org.eclipse.equinox.internal.app.EclipseAppHandle.run(EclipseAppHandle.java:208)
	at org.eclipse.core.runtime.internal.adaptor.EclipseAppLauncher.runApplication(EclipseAppLauncher.java:143)
	at org.eclipse.core.runtime.internal.adaptor.EclipseAppLauncher.start(EclipseAppLauncher.java:109)
	at org.eclipse.core.runtime.adaptor.EclipseStarter.run(EclipseStarter.java:439)
	at org.eclipse.core.runtime.adaptor.EclipseStarter.run(EclipseStarter.java:271)
	at java.base/jdk.internal.reflect.NativeMethodAccessorImpl.invoke0(Native Method)
	at java.base/jdk.internal.reflect.NativeMethodAccessorImpl.invoke(Unknown Source)
	at java.base/jdk.internal.reflect.DelegatingMethodAccessorImpl.invoke(Unknown Source)
	at java.base/java.lang.reflect.Method.invoke(Unknown Source)
	at org.jkiss.dbeaver.launcher.DBeaverLauncher.invokeFramework(DBeaverLauncher.java:648)
	at org.jkiss.dbeaver.launcher.DBeaverLauncher.basicRun(DBeaverLauncher.java:608)
	at org.jkiss.dbeaver.launcher.DBeaverLauncher.run(DBeaverLauncher.java:1465)
!SESSION 2026-02-25 12:59:12.654 -----------------------------------------------
eclipse.buildId=unknown
java.version=17.0.6
java.vendor=Eclipse Adoptium
BootLoader constants: OS=win32, ARCH=x86_64, WS=win32, NL=es
Framework arguments:  -eclipse.keyring C:\Users\FamiliaNatelloMedina\AppData\Roaming\DBeaverData\secure\secure_storage
Command-line arguments:  -os win32 -ws win32 -arch x86_64

!ENTRY org.jkiss.dbeaver.model 4 0 2026-02-25 12:59:25.928
!MESSAGE Error accessing instance server: java.net.ConnectException

!ENTRY org.eclipse.ui 2 2 2026-02-25 12:59:55.101
!MESSAGE Invalid preference category path: org.eclipse.debug.ui.ConsolePreferencePage (bundle: org.eclipse.ui.console, page: org.eclipse.ui.internal.console.ansi.preferences.AnsiConsolePreferencePage)

!ENTRY org.jkiss.dbeaver.model 4 0 2026-02-25 12:59:59.178
!MESSAGE Public Key Retrieval is not allowed
!STACK 0
com.mysql.cj.exceptions.UnableToConnectException: Public Key Retrieval is not allowed
	at java.base/jdk.internal.reflect.NativeConstructorAccessorImpl.newInstance0(Native Method)
	at java.base/jdk.internal.reflect.NativeConstructorAccessorImpl.newInstance(Unknown Source)
	at java.base/jdk.internal.reflect.DelegatingConstructorAccessorImpl.newInstance(Unknown Source)
	at java.base/java.lang.reflect.Constructor.newInstanceWithCaller(Unknown Source)
	at java.base/java.lang.reflect.Constructor.newInstance(Unknown Source)
	at com.mysql.cj.exceptions.ExceptionFactory.createException(ExceptionFactory.java:61)
	at com.mysql.cj.exceptions.ExceptionFactory.createException(ExceptionFactory.java:85)
	at com.mysql.cj.protocol.a.authentication.CachingSha2PasswordPlugin.nextAuthenticationStep(CachingSha2PasswordPlugin.java:131)
	at com.mysql.cj.protocol.a.authentication.CachingSha2PasswordPlugin.nextAuthenticationStep(CachingSha2PasswordPlugin.java:49)
	at com.mysql.cj.protocol.a.NativeAuthenticationProvider.proceedHandshakeWithPluggableAuthentication(NativeAuthenticationProvider.java:446)
	at com.mysql.cj.protocol.a.NativeAuthenticationProvider.connect(NativeAuthenticationProvider.java:215)
	at com.mysql.cj.protocol.a.NativeProtocol.connect(NativeProtocol.java:1428)
	at com.mysql.cj.NativeSession.connect(NativeSession.java:133)
	at com.mysql.cj.jdbc.ConnectionImpl.connectOneTryOnly(ConnectionImpl.java:935)
	at com.mysql.cj.jdbc.ConnectionImpl.createNewIO(ConnectionImpl.java:805)
	at com.mysql.cj.jdbc.ConnectionImpl.<init>(ConnectionImpl.java:438)
	at com.mysql.cj.jdbc.ConnectionImpl.getInstance(ConnectionImpl.java:241)
	at com.mysql.cj.jdbc.NonRegisteringDriver.connect(NonRegisteringDriver.java:189)
	at org.jkiss.dbeaver.model.impl.jdbc.JDBCConnectionOpener.run(JDBCConnectionOpener.java:109)
	at org.jkiss.dbeaver.model.impl.jdbc.JDBCConnectionOpener.run(JDBCConnectionOpener.java:83)
	at org.jkiss.dbeaver.model.impl.jdbc.JDBCDataSource.openConnection(JDBCDataSource.java:221)
	at org.jkiss.dbeaver.ext.mysql.model.MySQLDataSource.openConnection(MySQLDataSource.java:481)
	at org.jkiss.dbeaver.model.impl.jdbc.JDBCExecutionContext.connect(JDBCExecutionContext.java:106)
	at org.jkiss.dbeaver.model.impl.jdbc.JDBCRemoteInstance.initializeMainContext(JDBCRemoteInstance.java:102)
	at org.jkiss.dbeaver.model.impl.jdbc.JDBCRemoteInstance.<init>(JDBCRemoteInstance.java:61)
	at org.jkiss.dbeaver.model.impl.jdbc.JDBCDataSource.initializeRemoteInstance(JDBCDataSource.java:119)
	at org.jkiss.dbeaver.model.impl.jdbc.JDBCDataSource.<init>(JDBCDataSource.java:103)
	at org.jkiss.dbeaver.model.impl.jdbc.JDBCDataSource.<init>(JDBCDataSource.java:94)
	at org.jkiss.dbeaver.ext.mysql.model.MySQLDataSource.<init>(MySQLDataSource.java:121)
	at org.jkiss.dbeaver.ext.mysql.model.MySQLDataSource.<init>(MySQLDataSource.java:116)
	at org.jkiss.dbeaver.ext.mysql.MySQLDataSourceProvider.openDataSource(MySQLDataSourceProvider.java:154)
	at org.jkiss.dbeaver.registry.DataSourceDescriptor.openDataSource(DataSourceDescriptor.java:1366)
	at org.jkiss.dbeaver.registry.DataSourceDescriptor.connect0(DataSourceDescriptor.java:1243)
	at org.jkiss.dbeaver.registry.DataSourceDescriptor.connect(DataSourceDescriptor.java:1033)
	at org.jkiss.dbeaver.runtime.jobs.ConnectJob.run(ConnectJob.java:78)
	at org.jkiss.dbeaver.model.runtime.AbstractJob.run(AbstractJob.java:115)
	at org.eclipse.core.internal.jobs.Worker.run(Worker.java:63)

!ENTRY org.jkiss.dbeaver.model 4 0 2026-02-25 13:04:10.770
!MESSAGE Database object 'localhost' is not associated with any execution context

!ENTRY org.jkiss.dbeaver.model 4 0 2026-02-25 14:34:23.043
!MESSAGE SQL Error [42P01]: ERROR: relation "estudiantes" does not exist

Error position:
!SUBENTRY 1 org.jkiss.dbeaver.model 4 0 2026-02-25 14:34:23.043
!MESSAGE SQL Error [42P01]: ERROR: relation "estudiantes" does not exist
!SUBENTRY 2 org.jkiss.dbeaver.model 4 0 2026-02-25 14:34:23.043
!MESSAGE ERROR: relation "estudiantes" does not exist
!STACK 0
org.postgresql.util.PSQLException: ERROR: relation "estudiantes" does not exist
	at org.postgresql.core.v3.QueryExecutorImpl.receiveErrorResponse(QueryExecutorImpl.java:2725)
	at org.postgresql.core.v3.QueryExecutorImpl.processResults(QueryExecutorImpl.java:2412)
	at org.postgresql.core.v3.QueryExecutorImpl.execute(QueryExecutorImpl.java:371)
	at org.postgresql.jdbc.PgStatement.executeInternal(PgStatement.java:502)
	at org.postgresql.jdbc.PgStatement.execute(PgStatement.java:419)
	at org.postgresql.jdbc.PgStatement.executeWithFlags(PgStatement.java:341)
	at org.postgresql.jdbc.PgStatement.executeCachedSql(PgStatement.java:326)
	at org.postgresql.jdbc.PgStatement.executeWithFlags(PgStatement.java:302)
	at org.postgresql.jdbc.PgStatement.execute(PgStatement.java:297)
	at org.jkiss.dbeaver.model.impl.jdbc.exec.JDBCStatementImpl.execute(JDBCStatementImpl.java:330)
	at org.jkiss.dbeaver.model.impl.jdbc.exec.JDBCStatementImpl.executeStatement(JDBCStatementImpl.java:131)
	at org.jkiss.dbeaver.ui.editors.sql.execute.SQLQueryJob.executeStatement(SQLQueryJob.java:614)
	at org.jkiss.dbeaver.ui.editors.sql.execute.SQLQueryJob.lambda$2(SQLQueryJob.java:505)
	at org.jkiss.dbeaver.model.exec.DBExecUtils.tryExecuteRecover(DBExecUtils.java:194)
	at org.jkiss.dbeaver.ui.editors.sql.execute.SQLQueryJob.executeSingleQuery(SQLQueryJob.java:524)
	at org.jkiss.dbeaver.ui.editors.sql.execute.SQLQueryJob.extractData(SQLQueryJob.java:976)
	at org.jkiss.dbeaver.ui.editors.sql.SQLEditor$QueryResultsContainer.readData(SQLEditor.java:4155)
	at org.jkiss.dbeaver.ui.controls.resultset.ResultSetJobDataRead.lambda$0(ResultSetJobDataRead.java:123)
	at org.jkiss.dbeaver.model.exec.DBExecUtils.tryExecuteRecover(DBExecUtils.java:194)
	at org.jkiss.dbeaver.ui.controls.resultset.ResultSetJobDataRead.run(ResultSetJobDataRead.java:121)
	at org.jkiss.dbeaver.ui.controls.resultset.ResultSetViewer$ResultSetDataPumpJob.run(ResultSetViewer.java:5148)
	at org.jkiss.dbeaver.model.runtime.AbstractJob.run(AbstractJob.java:115)
	at org.eclipse.core.internal.jobs.Worker.run(Worker.java:63)
